2018-09-07 00:17:27 Error: [Cake\Database\Exception] SQLSTATE[42S02]: Base table or view not found: 1146 Table 'medicalcentersmanagement.cake_medical' doesn't exist in C:\Program Files (x86)\Ampps\www\CakeMedical\vendor\cakephp\cakephp\src\Database\Schema\Collection.php on line 131
Stack Trace:
#0 C:\Program Files (x86)\Ampps\www\CakeMedical\vendor\cakephp\cakephp\src\Database\Schema\Collection.php(97): Cake\Database\Schema\Collection->_reflect('Column', 'cake_medical', Array, Object(Cake\Database\Schema\TableSchema))
#1 C:\Program Files (x86)\Ampps\www\CakeMedical\vendor\cakephp\cakephp\src\Database\Schema\CachedCollection.php(63): Cake\Database\Schema\Collection->describe('cake_medical', Array)
#2 C:\Program Files (x86)\Ampps\www\CakeMedical\vendor\cakephp\cakephp\src\ORM\Table.php(548): Cake\Database\Schema\CachedCollection->describe('cake_medical')
#3 C:\Program Files (x86)\Ampps\www\CakeMedical\vendor\cakephp\cakephp\src\ORM\Table.php(673): Cake\ORM\Table->getSchema()
#4 C:\Program Files (x86)\Ampps\www\CakeMedical\vendor\cakephp\bake\src\Shell\Task\ModelTask.php(221): Cake\ORM\Table->getPrimaryKey()
#5 C:\Program Files (x86)\Ampps\www\CakeMedical\vendor\cakephp\bake\src\Shell\Task\ModelTask.php(131): Bake\Shell\Task\ModelTask->getAssociations(Object(Cake\ORM\Table))
#6 C:\Program Files (x86)\Ampps\www\CakeMedical\vendor\cakephp\bake\src\Shell\Task\ModelTask.php(114): Bake\Shell\Task\ModelTask->getTableContext(Object(Cake\ORM\Table), 'cake_medical', 'CakeMedical')
#7 C:\Program Files (x86)\Ampps\www\CakeMedical\vendor\cakephp\bake\src\Shell\Task\ModelTask.php(101): Bake\Shell\Task\ModelTask->bake('CakeMedical')
#8 C:\Program Files (x86)\Ampps\www\CakeMedical\vendor\cakephp\bake\src\Shell\BakeShell.php(273): Bake\Shell\Task\ModelTask->main('CakeMedical')
#9 C:\Program Files (x86)\Ampps\www\CakeMedical\vendor\cakephp\cakephp\src\Collection\CollectionTrait.php(51): Bake\Shell\BakeShell->Bake\Shell\{closure}('cakeMedical', 0)
#10 C:\Program Files (x86)\Ampps\www\CakeMedical\vendor\cakephp\bake\src\Shell\BakeShell.php(274): Cake\Collection\Collection->each(Object(Closure))
#11 C:\Program Files (x86)\Ampps\www\CakeMedical\vendor\cakephp\cakephp\src\Console\Shell.php(518): Bake\Shell\BakeShell->all('cakeMedical')
#12 C:\Program Files (x86)\Ampps\www\CakeMedical\vendor\cakephp\cakephp\src\Console\CommandRunner.php(342): Cake\Console\Shell->runCommand(Array, true)
#13 C:\Program Files (x86)\Ampps\www\CakeMedical\vendor\cakephp\cakephp\src\Console\CommandRunner.php(164): Cake\Console\CommandRunner->runShell(Object(Bake\Shell\BakeShell), Array)
#14 C:\Program Files (x86)\Ampps\www\CakeMedical\bin\cake.php(12): Cake\Console\CommandRunner->run(Array)
#15 {main}


2018-09-07 15:41:35 Error: [Cake\Database\Exception] SQLSTATE[42S02]: Base table or view not found: 1146 Table 'medicalcentersmanagement.assigments' doesn't exist in C:\Program Files (x86)\Ampps\www\CakeMedical\vendor\cakephp\cakephp\src\Database\Schema\Collection.php on line 131
Stack Trace:
#0 C:\Program Files (x86)\Ampps\www\CakeMedical\vendor\cakephp\cakephp\src\Database\Schema\Collection.php(97): Cake\Database\Schema\Collection->_reflect('Column', 'assigments', Array, Object(Cake\Database\Schema\TableSchema))
#1 C:\Program Files (x86)\Ampps\www\CakeMedical\vendor\cakephp\cakephp\src\Database\Schema\CachedCollection.php(63): Cake\Database\Schema\Collection->describe('assigments', Array)
#2 C:\Program Files (x86)\Ampps\www\CakeMedical\vendor\cakephp\cakephp\src\ORM\Table.php(548): Cake\Database\Schema\CachedCollection->describe('assigments')
#3 C:\Program Files (x86)\Ampps\www\CakeMedical\vendor\cakephp\cakephp\src\ORM\Table.php(673): Cake\ORM\Table->getSchema()
#4 C:\Program Files (x86)\Ampps\www\CakeMedical\vendor\cakephp\bake\src\Shell\Task\ModelTask.php(221): Cake\ORM\Table->getPrimaryKey()
#5 C:\Program Files (x86)\Ampps\www\CakeMedical\vendor\cakephp\bake\src\Shell\Task\ModelTask.php(131): Bake\Shell\Task\ModelTask->getAssociations(Object(Cake\ORM\Table))
#6 C:\Program Files (x86)\Ampps\www\CakeMedical\vendor\cakephp\bake\src\Shell\Task\ModelTask.php(114): Bake\Shell\Task\ModelTask->getTableContext(Object(Cake\ORM\Table), 'assigments', 'Assigments')
#7 C:\Program Files (x86)\Ampps\www\CakeMedical\vendor\cakephp\bake\src\Shell\Task\ModelTask.php(101): Bake\Shell\Task\ModelTask->bake('Assigments')
#8 C:\Program Files (x86)\Ampps\www\CakeMedical\vendor\cakephp\bake\src\Shell\BakeShell.php(273): Bake\Shell\Task\ModelTask->main('Assigments')
#9 C:\Program Files (x86)\Ampps\www\CakeMedical\vendor\cakephp\cakephp\src\Collection\CollectionTrait.php(51): Bake\Shell\BakeShell->Bake\Shell\{closure}('assigments', 0)
#10 C:\Program Files (x86)\Ampps\www\CakeMedical\vendor\cakephp\bake\src\Shell\BakeShell.php(274): Cake\Collection\Collection->each(Object(Closure))
#11 C:\Program Files (x86)\Ampps\www\CakeMedical\vendor\cakephp\cakephp\src\Console\Shell.php(518): Bake\Shell\BakeShell->all('assigments')
#12 C:\Program Files (x86)\Ampps\www\CakeMedical\vendor\cakephp\cakephp\src\Console\CommandRunner.php(342): Cake\Console\Shell->runCommand(Array, true)
#13 C:\Program Files (x86)\Ampps\www\CakeMedical\vendor\cakephp\cakephp\src\Console\CommandRunner.php(164): Cake\Console\CommandRunner->runShell(Object(Bake\Shell\BakeShell), Array)
#14 C:\Program Files (x86)\Ampps\www\CakeMedical\bin\cake.php(12): Cake\Console\CommandRunner->run(Array)
#15 {main}


2018-09-21 15:26:35 Warning: Warning (2): mkdir(): Invalid path in [C:\Program Files (x86)\Ampps\www\CakeMedical\vendor\cakephp\cakephp\src\Shell\Task\ExtractTask.php, line 751]
Trace:
Cake\Error\BaseErrorHandler::handleError() - CORE\src\Error\BaseErrorHandler.php, line 159
mkdir - [internal], line ??
Cake\Shell\Task\ExtractTask::_isPathUsable() - CORE\src\Shell\Task\ExtractTask.php, line 751
Cake\Shell\Task\ExtractTask::main() - CORE\src\Shell\Task\ExtractTask.php, line 213
Cake\Console\Shell::runCommand() - CORE\src\Console\Shell.php, line 532
Cake\Console\Shell::runCommand() - CORE\src\Console\Shell.php, line 525
Cake\Console\CommandRunner::runShell() - CORE\src\Console\CommandRunner.php, line 342
Cake\Console\CommandRunner::run() - CORE\src\Console\CommandRunner.php, line 164
[main] - ROOT\bin\cake.php, line 12



