2018-11-11 01:17:43 Debug: duration=1 rows=3 SELECT Adresses.id AS "Adresses__id", Adresses.adress AS "Adresses__adress", Adresses.city AS "Adresses__city", Adresses.zip_code AS "Adresses__zip_code", Adresses.province AS "Adresses__province", Adresses.country AS "Adresses__country", Adresses.details AS "Adresses__details", Adresses.created AS "Adresses__created", Adresses.modified AS "Adresses__modified", Adresses.user_id AS "Adresses__user_id" FROM adresses Adresses LIMIT 10 OFFSET 0
2018-11-11 01:17:43 Debug: duration=0 rows=1 SELECT (COUNT(*)) AS "count" FROM adresses Adresses
2018-11-11 01:18:16 Debug: duration=1 rows=10 PRAGMA table_info("adresses")
2018-11-11 01:18:16 Debug: duration=0 rows=0 PRAGMA index_list("adresses")
2018-11-11 01:18:16 Debug: duration=0 rows=0 PRAGMA foreign_key_list("adresses")
2018-11-11 01:18:16 Debug: duration=0 rows=0 SELECT Adresses.id AS "Adresses__id", Adresses.adress AS "Adresses__adress", Adresses.city AS "Adresses__city", Adresses.zip_code AS "Adresses__zip_code", Adresses.province AS "Adresses__province", Adresses.country AS "Adresses__country", Adresses.details AS "Adresses__details", Adresses.created AS "Adresses__created", Adresses.modified AS "Adresses__modified", Adresses.user_id AS "Adresses__user_id" FROM adresses Adresses WHERE Adresses.id = 1 LIMIT 1
2018-11-11 01:18:22 Debug: duration=1 rows=3 SELECT Adresses.id AS "Adresses__id", Adresses.adress AS "Adresses__adress", Adresses.city AS "Adresses__city", Adresses.zip_code AS "Adresses__zip_code", Adresses.province AS "Adresses__province", Adresses.country AS "Adresses__country", Adresses.details AS "Adresses__details", Adresses.created AS "Adresses__created", Adresses.modified AS "Adresses__modified", Adresses.user_id AS "Adresses__user_id" FROM adresses Adresses LIMIT 10 OFFSET 0
2018-11-11 01:18:22 Debug: duration=0 rows=1 SELECT (COUNT(*)) AS "count" FROM adresses Adresses
2018-11-11 01:18:27 Debug: duration=1 rows=1 SELECT Adresses.id AS "Adresses__id", Adresses.adress AS "Adresses__adress", Adresses.city AS "Adresses__city", Adresses.zip_code AS "Adresses__zip_code", Adresses.province AS "Adresses__province", Adresses.country AS "Adresses__country", Adresses.details AS "Adresses__details", Adresses.created AS "Adresses__created", Adresses.modified AS "Adresses__modified", Adresses.user_id AS "Adresses__user_id" FROM adresses Adresses WHERE Adresses.id = 3 LIMIT 1
2018-11-11 01:21:32 Debug: duration=1 rows=10 PRAGMA table_info("adresses")
2018-11-11 01:21:32 Debug: duration=0 rows=0 PRAGMA index_list("adresses")
2018-11-11 01:21:32 Debug: duration=0 rows=0 PRAGMA foreign_key_list("adresses")
2018-11-11 01:21:32 Debug: duration=0 rows=1 SELECT Adresses.id AS "Adresses__id", Adresses.adress AS "Adresses__adress", Adresses.city AS "Adresses__city", Adresses.zip_code AS "Adresses__zip_code", Adresses.province AS "Adresses__province", Adresses.country AS "Adresses__country", Adresses.details AS "Adresses__details", Adresses.created AS "Adresses__created", Adresses.modified AS "Adresses__modified", Adresses.user_id AS "Adresses__user_id" FROM adresses Adresses WHERE Adresses.id = 3 LIMIT 1
2018-11-11 01:26:05 Debug: duration=1 rows=10 PRAGMA table_info("adresses")
2018-11-11 01:26:05 Debug: duration=0 rows=0 PRAGMA index_list("adresses")
2018-11-11 01:26:05 Debug: duration=0 rows=0 PRAGMA foreign_key_list("adresses")
2018-11-11 01:26:06 Debug: duration=0 rows=1 SELECT Adresses.id AS "Adresses__id", Adresses.adress AS "Adresses__adress", Adresses.city AS "Adresses__city", Adresses.zip_code AS "Adresses__zip_code", Adresses.province AS "Adresses__province", Adresses.country AS "Adresses__country", Adresses.details AS "Adresses__details", Adresses.created AS "Adresses__created", Adresses.modified AS "Adresses__modified", Adresses.user_id AS "Adresses__user_id" FROM adresses Adresses WHERE Adresses.id = 3 LIMIT 1
2018-11-11 01:27:32 Debug: duration=2 rows=3 SELECT Adresses.id AS "Adresses__id", Adresses.adress AS "Adresses__adress", Adresses.city AS "Adresses__city", Adresses.zip_code AS "Adresses__zip_code", Adresses.province AS "Adresses__province", Adresses.country AS "Adresses__country", Adresses.details AS "Adresses__details", Adresses.created AS "Adresses__created", Adresses.modified AS "Adresses__modified", Adresses.user_id AS "Adresses__user_id" FROM adresses Adresses LIMIT 10 OFFSET 0
2018-11-11 01:27:32 Debug: duration=0 rows=1 SELECT (COUNT(*)) AS "count" FROM adresses Adresses
2018-11-11 01:29:18 Debug: duration=1 rows=10 PRAGMA table_info("adresses")
2018-11-11 01:29:18 Debug: duration=0 rows=0 PRAGMA index_list("adresses")
2018-11-11 01:29:18 Debug: duration=0 rows=0 PRAGMA foreign_key_list("adresses")
2018-11-11 01:29:18 Debug: duration=0 rows=1 SELECT Adresses.id AS "Adresses__id", Adresses.adress AS "Adresses__adress", Adresses.city AS "Adresses__city", Adresses.zip_code AS "Adresses__zip_code", Adresses.province AS "Adresses__province", Adresses.country AS "Adresses__country", Adresses.details AS "Adresses__details", Adresses.created AS "Adresses__created", Adresses.modified AS "Adresses__modified", Adresses.user_id AS "Adresses__user_id" FROM adresses Adresses LIMIT 1 OFFSET 0
2018-11-11 01:29:18 Debug: duration=0 rows=1 SELECT (COUNT(*)) AS "count" FROM adresses Adresses
2018-11-11 01:29:24 Debug: duration=1 rows=2 SELECT Adresses.id AS "Adresses__id", Adresses.adress AS "Adresses__adress", Adresses.city AS "Adresses__city", Adresses.zip_code AS "Adresses__zip_code", Adresses.province AS "Adresses__province", Adresses.country AS "Adresses__country", Adresses.details AS "Adresses__details", Adresses.created AS "Adresses__created", Adresses.modified AS "Adresses__modified", Adresses.user_id AS "Adresses__user_id" FROM adresses Adresses LIMIT 2 OFFSET 0
2018-11-11 01:29:24 Debug: duration=0 rows=1 SELECT (COUNT(*)) AS "count" FROM adresses Adresses
2018-11-11 01:40:57 Debug: duration=11 rows=10 PRAGMA table_info("adresses")
2018-11-11 01:40:57 Debug: duration=0 rows=0 PRAGMA index_list("adresses")
2018-11-11 01:40:57 Debug: duration=0 rows=0 PRAGMA foreign_key_list("adresses")
2018-11-11 01:40:57 Debug: duration=0 rows=3 SELECT Adresses.id AS "Adresses__id", Adresses.adress AS "Adresses__adress", Adresses.city AS "Adresses__city", Adresses.zip_code AS "Adresses__zip_code", Adresses.province AS "Adresses__province", Adresses.country AS "Adresses__country", Adresses.details AS "Adresses__details", Adresses.created AS "Adresses__created", Adresses.modified AS "Adresses__modified", Adresses.user_id AS "Adresses__user_id" FROM adresses Adresses LIMIT 10 OFFSET 0
2018-11-11 01:40:57 Debug: duration=0 rows=1 SELECT (COUNT(*)) AS "count" FROM adresses Adresses
2018-11-11 01:43:33 Debug: duration=1 rows=3 SELECT Adresses.id AS "Adresses__id", Adresses.adress AS "Adresses__adress", Adresses.city AS "Adresses__city", Adresses.zip_code AS "Adresses__zip_code", Adresses.province AS "Adresses__province", Adresses.country AS "Adresses__country", Adresses.details AS "Adresses__details", Adresses.created AS "Adresses__created", Adresses.modified AS "Adresses__modified", Adresses.user_id AS "Adresses__user_id" FROM adresses Adresses LIMIT 10 OFFSET 0
2018-11-11 01:43:34 Debug: duration=0 rows=1 SELECT (COUNT(*)) AS "count" FROM adresses Adresses
2018-11-11 01:43:37 Debug: duration=1 rows=3 SELECT Adresses.id AS "Adresses__id", Adresses.adress AS "Adresses__adress", Adresses.city AS "Adresses__city", Adresses.zip_code AS "Adresses__zip_code", Adresses.province AS "Adresses__province", Adresses.country AS "Adresses__country", Adresses.details AS "Adresses__details", Adresses.created AS "Adresses__created", Adresses.modified AS "Adresses__modified", Adresses.user_id AS "Adresses__user_id" FROM adresses Adresses LIMIT 10 OFFSET 0
2018-11-11 01:43:37 Debug: duration=0 rows=1 SELECT (COUNT(*)) AS "count" FROM adresses Adresses
2018-11-11 01:49:58 Debug: duration=1 rows=3 SELECT Adresses.id AS "Adresses__id", Adresses.adress AS "Adresses__adress", Adresses.city AS "Adresses__city", Adresses.zip_code AS "Adresses__zip_code", Adresses.province AS "Adresses__province", Adresses.country AS "Adresses__country", Adresses.details AS "Adresses__details", Adresses.created AS "Adresses__created", Adresses.modified AS "Adresses__modified", Adresses.user_id AS "Adresses__user_id" FROM adresses Adresses LIMIT 10 OFFSET 0
2018-11-11 01:49:58 Debug: duration=0 rows=1 SELECT (COUNT(*)) AS "count" FROM adresses Adresses
2018-11-12 17:25:14 Debug: duration=38 rows=1 SELECT Adresses.id AS "Adresses__id", Adresses.adress AS "Adresses__adress", Adresses.city AS "Adresses__city", Adresses.zip_code AS "Adresses__zip_code", Adresses.province AS "Adresses__province", Adresses.country AS "Adresses__country", Adresses.details AS "Adresses__details", Adresses.created AS "Adresses__created", Adresses.modified AS "Adresses__modified", Adresses.user_id AS "Adresses__user_id" FROM adresses Adresses WHERE Adresses.id = 3 LIMIT 1
2018-11-12 17:25:38 Debug: duration=1 rows=10 PRAGMA table_info("adresses")
2018-11-12 17:25:38 Debug: duration=0 rows=0 PRAGMA index_list("adresses")
2018-11-12 17:25:38 Debug: duration=0 rows=0 PRAGMA foreign_key_list("adresses")
2018-11-12 17:25:38 Debug: duration=0 rows=0 BEGIN
2018-11-12 17:25:38 Debug: duration=0 rows=8 PRAGMA table_info("users")
2018-11-12 17:25:38 Debug: duration=0 rows=0 PRAGMA index_list("users")
2018-11-12 17:25:38 Debug: duration=0 rows=0 PRAGMA foreign_key_list("users")
2018-11-12 17:25:38 Debug: duration=0 rows=1 SELECT 1 AS "existing" FROM users Users WHERE Users.id = 2 LIMIT 1
2018-11-12 17:25:38 Debug: duration=1 rows=1 INSERT INTO adresses (adress, city, zip_code, province, country, created, modified, user_id) VALUES ('testCrud', 'test', 'test', 'test', 'test', '11/12/18, 5:25 PM', '11/12/18, 5:25 PM', 2)
2018-11-12 17:25:38 Debug: duration=0 rows=0 COMMIT
2018-11-12 17:25:41 Debug: duration=1 rows=4 SELECT Adresses.id AS "Adresses__id", Adresses.adress AS "Adresses__adress", Adresses.city AS "Adresses__city", Adresses.zip_code AS "Adresses__zip_code", Adresses.province AS "Adresses__province", Adresses.country AS "Adresses__country", Adresses.details AS "Adresses__details", Adresses.created AS "Adresses__created", Adresses.modified AS "Adresses__modified", Adresses.user_id AS "Adresses__user_id" FROM adresses Adresses LIMIT 5 OFFSET 0
2018-11-12 17:25:41 Debug: duration=0 rows=1 SELECT (COUNT(*)) AS "count" FROM adresses Adresses
2018-11-12 17:37:45 Debug: duration=1 rows=1 SELECT Adresses.id AS "Adresses__id", Adresses.adress AS "Adresses__adress", Adresses.city AS "Adresses__city", Adresses.zip_code AS "Adresses__zip_code", Adresses.province AS "Adresses__province", Adresses.country AS "Adresses__country", Adresses.details AS "Adresses__details", Adresses.created AS "Adresses__created", Adresses.modified AS "Adresses__modified", Adresses.user_id AS "Adresses__user_id" FROM adresses Adresses WHERE Adresses.id = 3 LIMIT 1
2018-11-12 17:37:51 Debug: duration=1 rows=1 SELECT Adresses.id AS "Adresses__id", Adresses.adress AS "Adresses__adress", Adresses.city AS "Adresses__city", Adresses.zip_code AS "Adresses__zip_code", Adresses.province AS "Adresses__province", Adresses.country AS "Adresses__country", Adresses.details AS "Adresses__details", Adresses.created AS "Adresses__created", Adresses.modified AS "Adresses__modified", Adresses.user_id AS "Adresses__user_id" FROM adresses Adresses WHERE Adresses.id = 3 LIMIT 1
2018-11-12 17:37:51 Debug: duration=1 rows=1 SELECT Adresses.id AS "Adresses__id", Adresses.adress AS "Adresses__adress", Adresses.city AS "Adresses__city", Adresses.zip_code AS "Adresses__zip_code", Adresses.province AS "Adresses__province", Adresses.country AS "Adresses__country", Adresses.details AS "Adresses__details", Adresses.created AS "Adresses__created", Adresses.modified AS "Adresses__modified", Adresses.user_id AS "Adresses__user_id" FROM adresses Adresses WHERE Adresses.id = 3 LIMIT 1
2018-11-12 17:37:51 Debug: duration=1 rows=1 SELECT Adresses.id AS "Adresses__id", Adresses.adress AS "Adresses__adress", Adresses.city AS "Adresses__city", Adresses.zip_code AS "Adresses__zip_code", Adresses.province AS "Adresses__province", Adresses.country AS "Adresses__country", Adresses.details AS "Adresses__details", Adresses.created AS "Adresses__created", Adresses.modified AS "Adresses__modified", Adresses.user_id AS "Adresses__user_id" FROM adresses Adresses WHERE Adresses.id = 3 LIMIT 1
2018-11-12 17:37:55 Debug: duration=1 rows=1 SELECT Adresses.id AS "Adresses__id", Adresses.adress AS "Adresses__adress", Adresses.city AS "Adresses__city", Adresses.zip_code AS "Adresses__zip_code", Adresses.province AS "Adresses__province", Adresses.country AS "Adresses__country", Adresses.details AS "Adresses__details", Adresses.created AS "Adresses__created", Adresses.modified AS "Adresses__modified", Adresses.user_id AS "Adresses__user_id" FROM adresses Adresses WHERE Adresses.id = 6 LIMIT 1
2018-11-12 17:37:56 Debug: duration=1 rows=1 SELECT Adresses.id AS "Adresses__id", Adresses.adress AS "Adresses__adress", Adresses.city AS "Adresses__city", Adresses.zip_code AS "Adresses__zip_code", Adresses.province AS "Adresses__province", Adresses.country AS "Adresses__country", Adresses.details AS "Adresses__details", Adresses.created AS "Adresses__created", Adresses.modified AS "Adresses__modified", Adresses.user_id AS "Adresses__user_id" FROM adresses Adresses WHERE Adresses.id = 5 LIMIT 1
2018-11-12 17:37:57 Debug: duration=1 rows=1 SELECT Adresses.id AS "Adresses__id", Adresses.adress AS "Adresses__adress", Adresses.city AS "Adresses__city", Adresses.zip_code AS "Adresses__zip_code", Adresses.province AS "Adresses__province", Adresses.country AS "Adresses__country", Adresses.details AS "Adresses__details", Adresses.created AS "Adresses__created", Adresses.modified AS "Adresses__modified", Adresses.user_id AS "Adresses__user_id" FROM adresses Adresses WHERE Adresses.id = 5 LIMIT 1
2018-11-12 17:37:57 Debug: duration=1 rows=1 SELECT Adresses.id AS "Adresses__id", Adresses.adress AS "Adresses__adress", Adresses.city AS "Adresses__city", Adresses.zip_code AS "Adresses__zip_code", Adresses.province AS "Adresses__province", Adresses.country AS "Adresses__country", Adresses.details AS "Adresses__details", Adresses.created AS "Adresses__created", Adresses.modified AS "Adresses__modified", Adresses.user_id AS "Adresses__user_id" FROM adresses Adresses WHERE Adresses.id = 5 LIMIT 1
2018-11-12 17:37:57 Debug: duration=1 rows=1 SELECT Adresses.id AS "Adresses__id", Adresses.adress AS "Adresses__adress", Adresses.city AS "Adresses__city", Adresses.zip_code AS "Adresses__zip_code", Adresses.province AS "Adresses__province", Adresses.country AS "Adresses__country", Adresses.details AS "Adresses__details", Adresses.created AS "Adresses__created", Adresses.modified AS "Adresses__modified", Adresses.user_id AS "Adresses__user_id" FROM adresses Adresses WHERE Adresses.id = 5 LIMIT 1
2018-11-12 22:53:27 Debug: duration=24 rows=5 PRAGMA table_info("levels")
2018-11-12 22:53:27 Debug: duration=0 rows=0 PRAGMA index_list("levels")
2018-11-12 22:53:27 Debug: duration=0 rows=0 PRAGMA foreign_key_list("levels")
2018-11-12 22:53:27 Debug: duration=0 rows=1 SELECT Levels.id AS "Levels__id", Levels.number AS "Levels__number", Levels.created AS "Levels__created", Levels.modified AS "Levels__modified", Levels.user_id AS "Levels__user_id" FROM levels Levels WHERE Levels.id = 2 LIMIT 1
2018-11-12 22:53:41 Debug: duration=0 rows=0 BEGIN
2018-11-12 22:53:41 Debug: duration=1 rows=8 PRAGMA table_info("users")
2018-11-12 22:53:41 Debug: duration=0 rows=0 PRAGMA index_list("users")
2018-11-12 22:53:41 Debug: duration=0 rows=0 PRAGMA foreign_key_list("users")
2018-11-12 22:53:41 Debug: duration=0 rows=0 SELECT 1 AS "existing" FROM users Users WHERE Users.id = 0 LIMIT 1
2018-11-12 22:53:41 Debug: duration=0 rows=0 ROLLBACK
2018-11-12 22:53:45 Debug: duration=1 rows=1 SELECT Levels.id AS "Levels__id", Levels.number AS "Levels__number", Levels.created AS "Levels__created", Levels.modified AS "Levels__modified", Levels.user_id AS "Levels__user_id" FROM levels Levels WHERE Levels.id = 1 LIMIT 1
2018-11-12 22:53:48 Debug: duration=1 rows=1 SELECT Levels.id AS "Levels__id", Levels.number AS "Levels__number", Levels.created AS "Levels__created", Levels.modified AS "Levels__modified", Levels.user_id AS "Levels__user_id" FROM levels Levels WHERE Levels.id = 2 LIMIT 1
2018-11-12 22:53:50 Debug: duration=1 rows=1 SELECT Levels.id AS "Levels__id", Levels.number AS "Levels__number", Levels.created AS "Levels__created", Levels.modified AS "Levels__modified", Levels.user_id AS "Levels__user_id" FROM levels Levels WHERE Levels.id = 3 LIMIT 1
2018-11-12 22:53:54 Debug: duration=1 rows=1 SELECT Levels.id AS "Levels__id", Levels.number AS "Levels__number", Levels.created AS "Levels__created", Levels.modified AS "Levels__modified", Levels.user_id AS "Levels__user_id" FROM levels Levels WHERE Levels.id = 3 LIMIT 1
2018-11-12 22:53:54 Debug: duration=0 rows=0 BEGIN
2018-11-12 22:53:54 Debug: duration=1 rows=1 DELETE FROM levels WHERE id = 3
2018-11-12 22:53:54 Debug: duration=0 rows=0 COMMIT
2018-11-12 22:53:56 Debug: duration=1 rows=2 SELECT Levels.id AS "Levels__id", Levels.number AS "Levels__number", Levels.created AS "Levels__created", Levels.modified AS "Levels__modified", Levels.user_id AS "Levels__user_id" FROM levels Levels LIMIT 5 OFFSET 0
2018-11-12 22:53:56 Debug: duration=0 rows=1 SELECT (COUNT(*)) AS "count" FROM levels Levels
2018-11-12 22:54:05 Debug: duration=0 rows=0 BEGIN
2018-11-12 22:54:05 Debug: duration=0 rows=0 SELECT 1 AS "existing" FROM users Users WHERE Users.id = 0 LIMIT 1
2018-11-12 22:54:05 Debug: duration=0 rows=0 ROLLBACK
2018-11-12 22:54:10 Debug: duration=1 rows=1 SELECT Levels.id AS "Levels__id", Levels.number AS "Levels__number", Levels.created AS "Levels__created", Levels.modified AS "Levels__modified", Levels.user_id AS "Levels__user_id" FROM levels Levels WHERE Levels.id = 2 LIMIT 1
2018-11-12 22:56:54 Debug: duration=0 rows=0 BEGIN
2018-11-12 22:56:54 Debug: duration=0 rows=0 SELECT 1 AS "existing" FROM users Users WHERE Users.id = 0 LIMIT 1
2018-11-12 22:56:54 Debug: duration=0 rows=0 ROLLBACK
2018-11-12 22:56:57 Debug: duration=0 rows=0 BEGIN
2018-11-12 22:56:57 Debug: duration=0 rows=0 SELECT 1 AS "existing" FROM users Users WHERE Users.id = 0 LIMIT 1
2018-11-12 22:56:57 Debug: duration=0 rows=0 ROLLBACK
2018-11-12 22:56:58 Debug: duration=0 rows=0 BEGIN
2018-11-12 22:56:58 Debug: duration=0 rows=0 SELECT 1 AS "existing" FROM users Users WHERE Users.id = 0 LIMIT 1
2018-11-12 22:56:58 Debug: duration=0 rows=0 ROLLBACK
2018-11-12 22:57:06 Debug: duration=1 rows=1 SELECT Levels.id AS "Levels__id", Levels.number AS "Levels__number", Levels.created AS "Levels__created", Levels.modified AS "Levels__modified", Levels.user_id AS "Levels__user_id" FROM levels Levels WHERE Levels.id = 1 LIMIT 1
2018-11-12 22:57:20 Debug: duration=1 rows=1 SELECT Levels.id AS "Levels__id", Levels.number AS "Levels__number", Levels.created AS "Levels__created", Levels.modified AS "Levels__modified", Levels.user_id AS "Levels__user_id" FROM levels Levels WHERE Levels.id = 1 LIMIT 1
2018-11-12 22:57:20 Debug: duration=0 rows=0 BEGIN
2018-11-12 22:57:20 Debug: duration=0 rows=0 SELECT 1 AS "existing" FROM users Users WHERE Users.id = 0 LIMIT 1
2018-11-12 22:57:20 Debug: duration=0 rows=0 ROLLBACK
2018-11-12 22:57:24 Debug: duration=1 rows=1 SELECT Levels.id AS "Levels__id", Levels.number AS "Levels__number", Levels.created AS "Levels__created", Levels.modified AS "Levels__modified", Levels.user_id AS "Levels__user_id" FROM levels Levels WHERE Levels.id = 1 LIMIT 1
2018-11-12 22:57:24 Debug: duration=0 rows=0 BEGIN
2018-11-12 22:57:24 Debug: duration=0 rows=0 SELECT 1 AS "existing" FROM users Users WHERE Users.id = 0 LIMIT 1
2018-11-12 22:57:24 Debug: duration=0 rows=0 ROLLBACK
2018-11-12 22:57:24 Debug: duration=1 rows=1 SELECT Levels.id AS "Levels__id", Levels.number AS "Levels__number", Levels.created AS "Levels__created", Levels.modified AS "Levels__modified", Levels.user_id AS "Levels__user_id" FROM levels Levels WHERE Levels.id = 1 LIMIT 1
2018-11-12 22:57:24 Debug: duration=0 rows=0 BEGIN
2018-11-12 22:57:24 Debug: duration=0 rows=0 SELECT 1 AS "existing" FROM users Users WHERE Users.id = 0 LIMIT 1
2018-11-12 22:57:24 Debug: duration=0 rows=0 ROLLBACK
2018-11-12 22:57:44 Debug: duration=1 rows=1 SELECT Levels.id AS "Levels__id", Levels.number AS "Levels__number", Levels.created AS "Levels__created", Levels.modified AS "Levels__modified", Levels.user_id AS "Levels__user_id" FROM levels Levels WHERE Levels.id = 2 LIMIT 1
2018-11-12 22:57:47 Debug: duration=1 rows=1 SELECT Levels.id AS "Levels__id", Levels.number AS "Levels__number", Levels.created AS "Levels__created", Levels.modified AS "Levels__modified", Levels.user_id AS "Levels__user_id" FROM levels Levels WHERE Levels.id = 1 LIMIT 1
2018-11-12 23:01:27 Debug: duration=1 rows=1 SELECT Levels.id AS "Levels__id", Levels.number AS "Levels__number", Levels.created AS "Levels__created", Levels.modified AS "Levels__modified", Levels.user_id AS "Levels__user_id" FROM levels Levels WHERE Levels.id = 1 LIMIT 1
2018-11-12 23:01:29 Debug: duration=1 rows=1 SELECT Levels.id AS "Levels__id", Levels.number AS "Levels__number", Levels.created AS "Levels__created", Levels.modified AS "Levels__modified", Levels.user_id AS "Levels__user_id" FROM levels Levels WHERE Levels.id = 2 LIMIT 1
2018-11-12 23:02:20 Debug: duration=1 rows=1 SELECT Levels.id AS "Levels__id", Levels.number AS "Levels__number", Levels.created AS "Levels__created", Levels.modified AS "Levels__modified", Levels.user_id AS "Levels__user_id" FROM levels Levels WHERE Levels.id = 1 LIMIT 1
2018-11-12 23:02:22 Debug: duration=1 rows=1 SELECT Levels.id AS "Levels__id", Levels.number AS "Levels__number", Levels.created AS "Levels__created", Levels.modified AS "Levels__modified", Levels.user_id AS "Levels__user_id" FROM levels Levels WHERE Levels.id = 2 LIMIT 1
2018-11-12 23:02:27 Debug: duration=1 rows=1 SELECT Levels.id AS "Levels__id", Levels.number AS "Levels__number", Levels.created AS "Levels__created", Levels.modified AS "Levels__modified", Levels.user_id AS "Levels__user_id" FROM levels Levels WHERE Levels.id = 2 LIMIT 1
2018-11-12 23:02:27 Debug: duration=0 rows=0 BEGIN
2018-11-12 23:02:27 Debug: duration=1 rows=1 UPDATE levels SET number = 21 , modified = '11/12/18, 11:02 PM' WHERE id = 2
2018-11-12 23:02:27 Debug: duration=0 rows=0 COMMIT
2018-11-12 23:02:30 Debug: duration=1 rows=2 SELECT Levels.id AS "Levels__id", Levels.number AS "Levels__number", Levels.created AS "Levels__created", Levels.modified AS "Levels__modified", Levels.user_id AS "Levels__user_id" FROM levels Levels LIMIT 5 OFFSET 0
2018-11-12 23:02:30 Debug: duration=0 rows=1 SELECT (COUNT(*)) AS "count" FROM levels Levels
2018-11-12 23:02:41 Debug: duration=1 rows=1 SELECT Levels.id AS "Levels__id", Levels.number AS "Levels__number", Levels.created AS "Levels__created", Levels.modified AS "Levels__modified", Levels.user_id AS "Levels__user_id" FROM levels Levels WHERE Levels.id = 2 LIMIT 1
2018-11-12 23:02:44 Debug: duration=1 rows=1 SELECT Levels.id AS "Levels__id", Levels.number AS "Levels__number", Levels.created AS "Levels__created", Levels.modified AS "Levels__modified", Levels.user_id AS "Levels__user_id" FROM levels Levels WHERE Levels.id = 2 LIMIT 1
2018-11-12 23:02:44 Debug: duration=0 rows=0 BEGIN
2018-11-12 23:02:44 Debug: duration=1 rows=1 UPDATE levels SET number = 2 , modified = '11/12/18, 11:02 PM' WHERE id = 2
2018-11-12 23:02:44 Debug: duration=0 rows=0 COMMIT
2018-11-12 23:02:45 Debug: duration=1 rows=2 SELECT Levels.id AS "Levels__id", Levels.number AS "Levels__number", Levels.created AS "Levels__created", Levels.modified AS "Levels__modified", Levels.user_id AS "Levels__user_id" FROM levels Levels LIMIT 5 OFFSET 0
2018-11-12 23:02:45 Debug: duration=0 rows=1 SELECT (COUNT(*)) AS "count" FROM levels Levels
2018-11-12 23:02:56 Debug: duration=0 rows=0 BEGIN
2018-11-12 23:02:56 Debug: duration=0 rows=0 SELECT 1 AS "existing" FROM users Users WHERE Users.id = 0 LIMIT 1
2018-11-12 23:02:56 Debug: duration=0 rows=0 ROLLBACK
2018-11-12 23:03:39 Debug: duration=0 rows=0 BEGIN
2018-11-12 23:03:39 Debug: duration=0 rows=0 ROLLBACK
2018-11-12 23:04:03 Debug: duration=0 rows=0 BEGIN
2018-11-12 23:04:03 Debug: duration=0 rows=0 ROLLBACK
2018-11-12 23:04:05 Debug: duration=0 rows=0 BEGIN
2018-11-12 23:04:05 Debug: duration=0 rows=0 ROLLBACK
2018-11-12 23:04:05 Debug: duration=0 rows=0 BEGIN
2018-11-12 23:04:05 Debug: duration=0 rows=0 ROLLBACK
2018-11-12 23:05:18 Debug: duration=0 rows=0 BEGIN
2018-11-12 23:05:18 Debug: duration=0 rows=0 ROLLBACK
2018-11-12 23:05:19 Debug: duration=0 rows=0 BEGIN
2018-11-12 23:05:19 Debug: duration=0 rows=0 ROLLBACK
2018-11-12 23:05:19 Debug: duration=0 rows=0 BEGIN
2018-11-12 23:05:19 Debug: duration=0 rows=0 ROLLBACK
2018-11-12 23:06:48 Debug: duration=1 rows=1 SELECT Levels.id AS "Levels__id", Levels.number AS "Levels__number", Levels.created AS "Levels__created", Levels.modified AS "Levels__modified", Levels.user_id AS "Levels__user_id" FROM levels Levels WHERE Levels.id = 1 LIMIT 1
2018-11-12 23:06:55 Debug: duration=1 rows=1 SELECT Levels.id AS "Levels__id", Levels.number AS "Levels__number", Levels.created AS "Levels__created", Levels.modified AS "Levels__modified", Levels.user_id AS "Levels__user_id" FROM levels Levels WHERE Levels.id = 1 LIMIT 1
2018-11-12 23:06:55 Debug: duration=0 rows=0 BEGIN
2018-11-12 23:06:55 Debug: duration=6 rows=1 UPDATE levels SET number = 12 , modified = '11/12/18, 11:06 PM' WHERE id = 1
2018-11-12 23:06:55 Debug: duration=0 rows=0 COMMIT
2018-11-12 23:06:56 Debug: duration=1 rows=2 SELECT Levels.id AS "Levels__id", Levels.number AS "Levels__number", Levels.created AS "Levels__created", Levels.modified AS "Levels__modified", Levels.user_id AS "Levels__user_id" FROM levels Levels LIMIT 5 OFFSET 0
2018-11-12 23:06:56 Debug: duration=0 rows=1 SELECT (COUNT(*)) AS "count" FROM levels Levels
2018-11-12 23:06:59 Debug: duration=1 rows=1 SELECT Levels.id AS "Levels__id", Levels.number AS "Levels__number", Levels.created AS "Levels__created", Levels.modified AS "Levels__modified", Levels.user_id AS "Levels__user_id" FROM levels Levels WHERE Levels.id = 1 LIMIT 1
2018-11-12 23:07:02 Debug: duration=1 rows=1 SELECT Levels.id AS "Levels__id", Levels.number AS "Levels__number", Levels.created AS "Levels__created", Levels.modified AS "Levels__modified", Levels.user_id AS "Levels__user_id" FROM levels Levels WHERE Levels.id = 1 LIMIT 1
2018-11-12 23:07:02 Debug: duration=0 rows=0 BEGIN
2018-11-12 23:07:02 Debug: duration=1 rows=1 UPDATE levels SET number = 1 , modified = '11/12/18, 11:07 PM' WHERE id = 1
2018-11-12 23:07:02 Debug: duration=0 rows=0 COMMIT
2018-11-12 23:07:04 Debug: duration=1 rows=2 SELECT Levels.id AS "Levels__id", Levels.number AS "Levels__number", Levels.created AS "Levels__created", Levels.modified AS "Levels__modified", Levels.user_id AS "Levels__user_id" FROM levels Levels LIMIT 5 OFFSET 0
2018-11-12 23:07:04 Debug: duration=0 rows=1 SELECT (COUNT(*)) AS "count" FROM levels Levels
2018-11-12 23:07:09 Debug: duration=0 rows=0 BEGIN
2018-11-12 23:07:09 Debug: duration=0 rows=8 PRAGMA table_info("users")
2018-11-12 23:07:09 Debug: duration=0 rows=0 PRAGMA index_list("users")
2018-11-12 23:07:09 Debug: duration=0 rows=0 PRAGMA foreign_key_list("users")
2018-11-12 23:07:09 Debug: duration=0 rows=0 SELECT 1 AS "existing" FROM users Users WHERE Users.id = 0 LIMIT 1
2018-11-12 23:07:09 Debug: duration=0 rows=0 ROLLBACK
2018-11-12 23:07:11 Debug: duration=0 rows=0 BEGIN
2018-11-12 23:07:11 Debug: duration=0 rows=0 SELECT 1 AS "existing" FROM users Users WHERE Users.id = 0 LIMIT 1
2018-11-12 23:07:11 Debug: duration=0 rows=0 ROLLBACK
2018-11-12 23:07:11 Debug: duration=0 rows=0 BEGIN
2018-11-12 23:07:11 Debug: duration=0 rows=0 SELECT 1 AS "existing" FROM users Users WHERE Users.id = 0 LIMIT 1
2018-11-12 23:07:11 Debug: duration=0 rows=0 ROLLBACK
2018-11-12 23:07:11 Debug: duration=0 rows=0 BEGIN
2018-11-12 23:07:11 Debug: duration=0 rows=0 SELECT 1 AS "existing" FROM users Users WHERE Users.id = 0 LIMIT 1
2018-11-12 23:07:11 Debug: duration=0 rows=0 ROLLBACK
2018-11-12 23:07:12 Debug: duration=0 rows=0 BEGIN
2018-11-12 23:07:12 Debug: duration=0 rows=0 SELECT 1 AS "existing" FROM users Users WHERE Users.id = 0 LIMIT 1
2018-11-12 23:07:12 Debug: duration=0 rows=0 ROLLBACK
2018-11-12 23:08:31 Debug: duration=0 rows=0 BEGIN
2018-11-12 23:08:31 Debug: duration=1 rows=0 SELECT 1 AS "existing" FROM users Users WHERE Users.id = 0 LIMIT 1
2018-11-12 23:08:31 Debug: duration=0 rows=0 ROLLBACK
2018-11-12 23:08:32 Debug: duration=0 rows=0 BEGIN
2018-11-12 23:08:32 Debug: duration=0 rows=0 SELECT 1 AS "existing" FROM users Users WHERE Users.id = 0 LIMIT 1
2018-11-12 23:08:32 Debug: duration=0 rows=0 ROLLBACK
2018-11-12 23:08:34 Debug: duration=0 rows=0 BEGIN
2018-11-12 23:08:34 Debug: duration=0 rows=0 SELECT 1 AS "existing" FROM users Users WHERE Users.id = 0 LIMIT 1
2018-11-12 23:08:34 Debug: duration=0 rows=0 ROLLBACK
2018-11-12 23:08:34 Debug: duration=0 rows=0 BEGIN
2018-11-12 23:08:34 Debug: duration=0 rows=0 SELECT 1 AS "existing" FROM users Users WHERE Users.id = 0 LIMIT 1
2018-11-12 23:08:34 Debug: duration=0 rows=0 ROLLBACK
2018-11-12 23:09:16 Debug: duration=1 rows=1 SELECT Levels.id AS "Levels__id", Levels.number AS "Levels__number", Levels.created AS "Levels__created", Levels.modified AS "Levels__modified", Levels.user_id AS "Levels__user_id" FROM levels Levels WHERE Levels.id = 1 LIMIT 1
2018-11-12 23:09:32 Debug: duration=0 rows=0 BEGIN
2018-11-12 23:09:32 Debug: duration=1 rows=8 PRAGMA table_info("users")
2018-11-12 23:09:32 Debug: duration=0 rows=0 PRAGMA index_list("users")
2018-11-12 23:09:32 Debug: duration=0 rows=0 PRAGMA foreign_key_list("users")
2018-11-12 23:09:32 Debug: duration=0 rows=0 SELECT 1 AS "existing" FROM users Users WHERE Users.id = 0 LIMIT 1
2018-11-12 23:09:32 Debug: duration=0 rows=0 ROLLBACK
2018-11-12 23:09:33 Debug: duration=0 rows=0 BEGIN
2018-11-12 23:09:33 Debug: duration=0 rows=0 SELECT 1 AS "existing" FROM users Users WHERE Users.id = 0 LIMIT 1
2018-11-12 23:09:33 Debug: duration=0 rows=0 ROLLBACK
2018-11-12 23:09:33 Debug: duration=0 rows=0 BEGIN
2018-11-12 23:09:33 Debug: duration=0 rows=0 SELECT 1 AS "existing" FROM users Users WHERE Users.id = 0 LIMIT 1
2018-11-12 23:09:33 Debug: duration=0 rows=0 ROLLBACK
2018-11-12 23:09:33 Debug: duration=0 rows=0 BEGIN
2018-11-12 23:09:33 Debug: duration=0 rows=0 SELECT 1 AS "existing" FROM users Users WHERE Users.id = 0 LIMIT 1
2018-11-12 23:09:33 Debug: duration=0 rows=0 ROLLBACK
2018-11-12 23:09:33 Debug: duration=0 rows=0 BEGIN
2018-11-12 23:09:33 Debug: duration=0 rows=0 SELECT 1 AS "existing" FROM users Users WHERE Users.id = 0 LIMIT 1
2018-11-12 23:09:34 Debug: duration=0 rows=0 ROLLBACK
2018-11-12 23:09:34 Debug: duration=0 rows=0 BEGIN
2018-11-12 23:09:34 Debug: duration=0 rows=0 SELECT 1 AS "existing" FROM users Users WHERE Users.id = 0 LIMIT 1
2018-11-12 23:09:34 Debug: duration=0 rows=0 ROLLBACK
2018-11-12 23:09:34 Debug: duration=0 rows=0 BEGIN
2018-11-12 23:09:34 Debug: duration=1 rows=0 SELECT 1 AS "existing" FROM users Users WHERE Users.id = 0 LIMIT 1
2018-11-12 23:09:34 Debug: duration=0 rows=0 ROLLBACK
2018-11-12 23:09:34 Debug: duration=0 rows=0 BEGIN
2018-11-12 23:09:34 Debug: duration=0 rows=0 SELECT 1 AS "existing" FROM users Users WHERE Users.id = 0 LIMIT 1
2018-11-12 23:09:34 Debug: duration=0 rows=0 ROLLBACK
2018-11-12 23:09:34 Debug: duration=0 rows=0 BEGIN
2018-11-12 23:09:34 Debug: duration=0 rows=0 SELECT 1 AS "existing" FROM users Users WHERE Users.id = 0 LIMIT 1
2018-11-12 23:09:34 Debug: duration=0 rows=0 ROLLBACK
2018-11-12 23:11:28 Debug: duration=1 rows=5 PRAGMA table_info("levels")
2018-11-12 23:11:28 Debug: duration=0 rows=0 PRAGMA index_list("levels")
2018-11-12 23:11:28 Debug: duration=0 rows=0 PRAGMA foreign_key_list("levels")
2018-11-12 23:11:28 Debug: duration=0 rows=1 SELECT Levels.id AS "Levels__id", Levels.number AS "Levels__number", Levels.created AS "Levels__created", Levels.modified AS "Levels__modified", Levels.user_id AS "Levels__user_id" FROM levels Levels WHERE Levels.id = 1 LIMIT 1
2018-11-12 23:12:28 Debug: duration=0 rows=0 BEGIN
2018-11-12 23:12:28 Debug: duration=0 rows=8 PRAGMA table_info("users")
2018-11-12 23:12:28 Debug: duration=0 rows=0 PRAGMA index_list("users")
2018-11-12 23:12:28 Debug: duration=0 rows=0 PRAGMA foreign_key_list("users")
2018-11-12 23:12:28 Debug: duration=0 rows=0 SELECT 1 AS "existing" FROM users Users WHERE Users.id = 0 LIMIT 1
2018-11-12 23:12:28 Debug: duration=0 rows=0 ROLLBACK
2018-11-12 23:14:02 Debug: duration=0 rows=0 BEGIN
2018-11-12 23:14:02 Debug: duration=0 rows=0 SELECT 1 AS "existing" FROM users Users WHERE Users.id = 0 LIMIT 1
2018-11-12 23:14:02 Debug: duration=0 rows=0 ROLLBACK
2018-11-12 23:14:03 Debug: duration=0 rows=0 BEGIN
2018-11-12 23:14:03 Debug: duration=0 rows=0 SELECT 1 AS "existing" FROM users Users WHERE Users.id = 0 LIMIT 1
2018-11-12 23:14:03 Debug: duration=0 rows=0 ROLLBACK
2018-11-12 23:14:03 Debug: duration=0 rows=0 BEGIN
2018-11-12 23:14:03 Debug: duration=0 rows=0 SELECT 1 AS "existing" FROM users Users WHERE Users.id = 0 LIMIT 1
2018-11-12 23:14:03 Debug: duration=0 rows=0 ROLLBACK
2018-11-12 23:14:04 Debug: duration=0 rows=0 BEGIN
2018-11-12 23:14:04 Debug: duration=0 rows=0 SELECT 1 AS "existing" FROM users Users WHERE Users.id = 0 LIMIT 1
2018-11-12 23:14:04 Debug: duration=0 rows=0 ROLLBACK
2018-11-12 23:14:05 Debug: duration=0 rows=0 BEGIN
2018-11-12 23:14:05 Debug: duration=0 rows=0 SELECT 1 AS "existing" FROM users Users WHERE Users.id = 0 LIMIT 1
2018-11-12 23:14:05 Debug: duration=0 rows=0 ROLLBACK
2018-11-12 23:14:36 Debug: duration=0 rows=0 BEGIN
2018-11-12 23:14:36 Debug: duration=0 rows=8 PRAGMA table_info("users")
2018-11-12 23:14:36 Debug: duration=0 rows=0 PRAGMA index_list("users")
2018-11-12 23:14:36 Debug: duration=0 rows=0 PRAGMA foreign_key_list("users")
2018-11-12 23:14:36 Debug: duration=0 rows=0 SELECT 1 AS "existing" FROM users Users WHERE Users.id = 0 LIMIT 1
2018-11-12 23:14:36 Debug: duration=0 rows=0 ROLLBACK
2018-11-13 01:29:34 Debug: duration=12 rows=1 SELECT Levels.id AS "Levels__id", Levels.number AS "Levels__number", Levels.created AS "Levels__created", Levels.modified AS "Levels__modified", Levels.user_id AS "Levels__user_id" FROM levels Levels WHERE Levels.id = 3 LIMIT 1
2018-11-13 01:29:37 Debug: duration=1 rows=1 SELECT Levels.id AS "Levels__id", Levels.number AS "Levels__number", Levels.created AS "Levels__created", Levels.modified AS "Levels__modified", Levels.user_id AS "Levels__user_id" FROM levels Levels WHERE Levels.id = 3 LIMIT 1
2018-11-13 01:29:37 Debug: duration=0 rows=0 BEGIN
2018-11-13 01:29:37 Debug: duration=16 rows=1 UPDATE levels SET number = 4 , modified = '11/13/18, 1:29 AM' WHERE id = 3
2018-11-13 01:29:37 Debug: duration=0 rows=0 COMMIT
2018-11-13 01:29:39 Debug: duration=1 rows=3 SELECT Levels.id AS "Levels__id", Levels.number AS "Levels__number", Levels.created AS "Levels__created", Levels.modified AS "Levels__modified", Levels.user_id AS "Levels__user_id" FROM levels Levels LIMIT 5 OFFSET 0
2018-11-13 01:29:39 Debug: duration=0 rows=1 SELECT (COUNT(*)) AS "count" FROM levels Levels
2018-11-13 01:29:40 Debug: duration=1 rows=1 SELECT Levels.id AS "Levels__id", Levels.number AS "Levels__number", Levels.created AS "Levels__created", Levels.modified AS "Levels__modified", Levels.user_id AS "Levels__user_id" FROM levels Levels WHERE Levels.id = 3 LIMIT 1
2018-11-13 01:29:43 Debug: duration=1 rows=1 SELECT Levels.id AS "Levels__id", Levels.number AS "Levels__number", Levels.created AS "Levels__created", Levels.modified AS "Levels__modified", Levels.user_id AS "Levels__user_id" FROM levels Levels WHERE Levels.id = 3 LIMIT 1
2018-11-13 01:29:43 Debug: duration=0 rows=0 BEGIN
2018-11-13 01:29:43 Debug: duration=1 rows=1 UPDATE levels SET number = 3 , modified = '11/13/18, 1:29 AM' WHERE id = 3
2018-11-13 01:29:43 Debug: duration=0 rows=0 COMMIT
2018-11-13 01:29:44 Debug: duration=1 rows=3 SELECT Levels.id AS "Levels__id", Levels.number AS "Levels__number", Levels.created AS "Levels__created", Levels.modified AS "Levels__modified", Levels.user_id AS "Levels__user_id" FROM levels Levels LIMIT 5 OFFSET 0
2018-11-13 01:29:44 Debug: duration=0 rows=1 SELECT (COUNT(*)) AS "count" FROM levels Levels
2018-11-13 15:10:58 Debug: duration=1 rows=1 SELECT Levels.id AS "Levels__id", Levels.number AS "Levels__number", Levels.created AS "Levels__created", Levels.modified AS "Levels__modified", Levels.user_id AS "Levels__user_id" FROM levels Levels WHERE Levels.id = 1 LIMIT 1
2018-11-13 15:11:00 Debug: duration=1 rows=1 SELECT Levels.id AS "Levels__id", Levels.number AS "Levels__number", Levels.created AS "Levels__created", Levels.modified AS "Levels__modified", Levels.user_id AS "Levels__user_id" FROM levels Levels WHERE Levels.id = 2 LIMIT 1
2018-11-13 15:11:01 Debug: duration=1 rows=1 SELECT Levels.id AS "Levels__id", Levels.number AS "Levels__number", Levels.created AS "Levels__created", Levels.modified AS "Levels__modified", Levels.user_id AS "Levels__user_id" FROM levels Levels WHERE Levels.id = 2 LIMIT 1
2018-11-13 16:23:12 Debug: duration=0 rows=0 BEGIN
2018-11-13 16:23:12 Debug: duration=0 rows=0 SELECT 1 AS "existing" FROM users Users WHERE Users.id = 0 LIMIT 1
2018-11-13 16:23:12 Debug: duration=0 rows=0 ROLLBACK
2018-11-13 16:23:13 Debug: duration=0 rows=0 BEGIN
2018-11-13 16:23:13 Debug: duration=0 rows=0 SELECT 1 AS "existing" FROM users Users WHERE Users.id = 0 LIMIT 1
2018-11-13 16:23:13 Debug: duration=0 rows=0 ROLLBACK
2018-11-13 16:23:13 Debug: duration=0 rows=0 BEGIN
2018-11-13 16:23:13 Debug: duration=0 rows=0 SELECT 1 AS "existing" FROM users Users WHERE Users.id = 0 LIMIT 1
2018-11-13 16:23:13 Debug: duration=0 rows=0 ROLLBACK
2018-11-13 18:05:56 Debug: duration=21 rows=5 PRAGMA table_info("levels")
2018-11-13 18:05:56 Debug: duration=0 rows=0 PRAGMA index_list("levels")
2018-11-13 18:05:56 Debug: duration=0 rows=0 PRAGMA foreign_key_list("levels")
2018-11-13 18:05:56 Debug: duration=0 rows=1 SELECT Levels.id AS "Levels__id", Levels.number AS "Levels__number", Levels.created AS "Levels__created", Levels.modified AS "Levels__modified", Levels.user_id AS "Levels__user_id" FROM levels Levels WHERE Levels.id = 3 LIMIT 1
2018-11-13 18:05:59 Debug: duration=1 rows=1 SELECT Levels.id AS "Levels__id", Levels.number AS "Levels__number", Levels.created AS "Levels__created", Levels.modified AS "Levels__modified", Levels.user_id AS "Levels__user_id" FROM levels Levels WHERE Levels.id = 3 LIMIT 1
2018-11-13 18:05:59 Debug: duration=0 rows=0 BEGIN
2018-11-13 18:05:59 Debug: duration=1 rows=1 DELETE FROM levels WHERE id = 3
2018-11-13 18:05:59 Debug: duration=0 rows=0 COMMIT
2018-11-13 18:06:01 Debug: duration=1 rows=2 SELECT Levels.id AS "Levels__id", Levels.number AS "Levels__number", Levels.created AS "Levels__created", Levels.modified AS "Levels__modified", Levels.user_id AS "Levels__user_id" FROM levels Levels LIMIT 5 OFFSET 0
2018-11-13 18:06:01 Debug: duration=0 rows=1 SELECT (COUNT(*)) AS "count" FROM levels Levels
2018-11-13 18:38:04 Debug: duration=0 rows=0 BEGIN
2018-11-13 18:38:04 Debug: duration=0 rows=0 SELECT 1 AS "existing" FROM users Users WHERE Users.id = 0 LIMIT 1
2018-11-13 18:38:04 Debug: duration=0 rows=0 ROLLBACK
2018-11-13 18:38:23 Debug: duration=0 rows=0 BEGIN
2018-11-13 18:38:23 Debug: duration=1 rows=0 SELECT 1 AS "existing" FROM users Users WHERE Users.id = 0 LIMIT 1
2018-11-13 18:38:23 Debug: duration=0 rows=0 ROLLBACK
2018-11-13 18:38:23 Debug: duration=0 rows=0 BEGIN
2018-11-13 18:38:23 Debug: duration=0 rows=0 SELECT 1 AS "existing" FROM users Users WHERE Users.id = 0 LIMIT 1
2018-11-13 18:38:23 Debug: duration=0 rows=0 ROLLBACK
2018-11-13 18:38:23 Debug: duration=0 rows=0 BEGIN
2018-11-13 18:38:23 Debug: duration=0 rows=0 SELECT 1 AS "existing" FROM users Users WHERE Users.id = 0 LIMIT 1
2018-11-13 18:38:23 Debug: duration=0 rows=0 ROLLBACK
2018-11-13 18:50:42 Debug: duration=0 rows=0 BEGIN
2018-11-13 18:50:42 Debug: duration=1 rows=8 PRAGMA table_info("users")
2018-11-13 18:50:42 Debug: duration=0 rows=0 PRAGMA index_list("users")
2018-11-13 18:50:42 Debug: duration=0 rows=0 PRAGMA foreign_key_list("users")
2018-11-13 18:50:42 Debug: duration=0 rows=0 SELECT 1 AS "existing" FROM users Users WHERE Users.id = 0 LIMIT 1
2018-11-13 18:50:42 Debug: duration=0 rows=0 ROLLBACK
2018-11-13 18:51:49 Debug: duration=1 rows=1 SELECT Levels.id AS "Levels__id", Levels.number AS "Levels__number", Levels.created AS "Levels__created", Levels.modified AS "Levels__modified", Levels.user_id AS "Levels__user_id" FROM levels Levels WHERE Levels.id = 1 LIMIT 1
2018-11-13 18:51:56 Debug: duration=1 rows=1 SELECT Levels.id AS "Levels__id", Levels.number AS "Levels__number", Levels.created AS "Levels__created", Levels.modified AS "Levels__modified", Levels.user_id AS "Levels__user_id" FROM levels Levels WHERE Levels.id = 1 LIMIT 1
2018-11-13 18:51:56 Debug: duration=0 rows=0 BEGIN
2018-11-13 18:51:57 Debug: duration=1 rows=1 UPDATE levels SET number = 10 , modified = '11/13/18, 6:51 PM' WHERE id = 1
2018-11-13 18:51:57 Debug: duration=0 rows=0 COMMIT
2018-11-13 18:51:58 Debug: duration=1 rows=2 SELECT Levels.id AS "Levels__id", Levels.number AS "Levels__number", Levels.created AS "Levels__created", Levels.modified AS "Levels__modified", Levels.user_id AS "Levels__user_id" FROM levels Levels LIMIT 5 OFFSET 0
2018-11-13 18:51:58 Debug: duration=0 rows=1 SELECT (COUNT(*)) AS "count" FROM levels Levels
2018-11-13 18:52:05 Debug: duration=1 rows=1 SELECT Levels.id AS "Levels__id", Levels.number AS "Levels__number", Levels.created AS "Levels__created", Levels.modified AS "Levels__modified", Levels.user_id AS "Levels__user_id" FROM levels Levels WHERE Levels.id = 1 LIMIT 1
2018-11-13 18:52:09 Debug: duration=1 rows=1 SELECT Levels.id AS "Levels__id", Levels.number AS "Levels__number", Levels.created AS "Levels__created", Levels.modified AS "Levels__modified", Levels.user_id AS "Levels__user_id" FROM levels Levels WHERE Levels.id = 1 LIMIT 1
2018-11-13 18:52:09 Debug: duration=0 rows=0 BEGIN
2018-11-13 18:52:09 Debug: duration=1 rows=1 UPDATE levels SET number = 1 , modified = '11/13/18, 6:52 PM' WHERE id = 1
2018-11-13 18:52:09 Debug: duration=0 rows=0 COMMIT
2018-11-13 18:52:10 Debug: duration=1 rows=2 SELECT Levels.id AS "Levels__id", Levels.number AS "Levels__number", Levels.created AS "Levels__created", Levels.modified AS "Levels__modified", Levels.user_id AS "Levels__user_id" FROM levels Levels LIMIT 5 OFFSET 0
2018-11-13 18:52:10 Debug: duration=0 rows=1 SELECT (COUNT(*)) AS "count" FROM levels Levels
2018-11-13 18:52:20 Debug: duration=0 rows=0 BEGIN
2018-11-13 18:52:20 Debug: duration=0 rows=0 SELECT 1 AS "existing" FROM users Users WHERE Users.id = 0 LIMIT 1
2018-11-13 18:52:20 Debug: duration=0 rows=0 ROLLBACK
2018-11-13 18:57:10 Debug: duration=0 rows=0 BEGIN
2018-11-13 18:57:10 Debug: duration=0 rows=8 PRAGMA table_info("users")
2018-11-13 18:57:10 Debug: duration=0 rows=0 PRAGMA index_list("users")
2018-11-13 18:57:10 Debug: duration=0 rows=0 PRAGMA foreign_key_list("users")
2018-11-13 18:57:10 Debug: duration=0 rows=0 SELECT 1 AS "existing" FROM users Users WHERE Users.id = 0 LIMIT 1
2018-11-13 18:57:10 Debug: duration=0 rows=0 ROLLBACK
2018-11-13 19:08:02 Debug: duration=0 rows=0 BEGIN
2018-11-13 19:08:02 Debug: duration=1 rows=1 INSERT INTO levels (number, created, modified, user_id) VALUES (4, '11/13/18, 7:08 PM', '11/13/18, 7:08 PM', 0)
2018-11-13 19:08:02 Debug: duration=0 rows=0 COMMIT
2018-11-13 19:08:05 Debug: duration=1 rows=3 SELECT Levels.id AS "Levels__id", Levels.number AS "Levels__number", Levels.created AS "Levels__created", Levels.modified AS "Levels__modified", Levels.user_id AS "Levels__user_id" FROM levels Levels LIMIT 5 OFFSET 0
2018-11-13 19:08:05 Debug: duration=0 rows=1 SELECT (COUNT(*)) AS "count" FROM levels Levels
2018-11-13 19:08:18 Debug: duration=1 rows=1 SELECT Levels.id AS "Levels__id", Levels.number AS "Levels__number", Levels.created AS "Levels__created", Levels.modified AS "Levels__modified", Levels.user_id AS "Levels__user_id" FROM levels Levels WHERE Levels.id = 3 LIMIT 1
2018-11-13 19:08:52 Debug: duration=1 rows=1 SELECT Levels.id AS "Levels__id", Levels.number AS "Levels__number", Levels.created AS "Levels__created", Levels.modified AS "Levels__modified", Levels.user_id AS "Levels__user_id" FROM levels Levels WHERE Levels.id = 3 LIMIT 1
2018-11-13 19:08:57 Debug: duration=1 rows=1 SELECT Levels.id AS "Levels__id", Levels.number AS "Levels__number", Levels.created AS "Levels__created", Levels.modified AS "Levels__modified", Levels.user_id AS "Levels__user_id" FROM levels Levels WHERE Levels.id = 3 LIMIT 1
2018-11-13 19:08:57 Debug: duration=0 rows=0 BEGIN
2018-11-13 19:08:57 Debug: duration=1 rows=1 UPDATE levels SET number = 3 , modified = '11/13/18, 7:08 PM' WHERE id = 3
2018-11-13 19:08:57 Debug: duration=0 rows=0 COMMIT
2018-11-13 19:08:58 Debug: duration=1 rows=3 SELECT Levels.id AS "Levels__id", Levels.number AS "Levels__number", Levels.created AS "Levels__created", Levels.modified AS "Levels__modified", Levels.user_id AS "Levels__user_id" FROM levels Levels LIMIT 5 OFFSET 0
2018-11-13 19:08:58 Debug: duration=0 rows=1 SELECT (COUNT(*)) AS "count" FROM levels Levels
2018-11-13 19:09:22 Debug: duration=0 rows=0 BEGIN
2018-11-13 19:09:22 Debug: duration=1 rows=1 INSERT INTO levels (number, created, modified) VALUES (4, '11/13/18, 7:09 PM', '11/13/18, 7:09 PM')
2018-11-13 19:09:22 Debug: duration=0 rows=0 COMMIT
2018-11-13 19:09:23 Debug: duration=1 rows=4 SELECT Levels.id AS "Levels__id", Levels.number AS "Levels__number", Levels.created AS "Levels__created", Levels.modified AS "Levels__modified", Levels.user_id AS "Levels__user_id" FROM levels Levels LIMIT 5 OFFSET 0
2018-11-13 19:09:23 Debug: duration=0 rows=1 SELECT (COUNT(*)) AS "count" FROM levels Levels
2018-11-13 19:10:00 Debug: duration=1 rows=5 PRAGMA table_info("levels")
2018-11-13 19:10:00 Debug: duration=0 rows=0 PRAGMA index_list("levels")
2018-11-13 19:10:00 Debug: duration=0 rows=0 PRAGMA foreign_key_list("levels")
2018-11-13 19:10:00 Debug: duration=0 rows=0 BEGIN
2018-11-13 19:10:00 Debug: duration=1 rows=1 INSERT INTO levels (number, created, modified) VALUES (5, '11/13/18, 7:10 PM', '11/13/18, 7:10 PM')
2018-11-13 19:10:00 Debug: duration=0 rows=0 COMMIT
2018-11-13 19:10:02 Debug: duration=1 rows=5 SELECT Levels.id AS "Levels__id", Levels.number AS "Levels__number", Levels.created AS "Levels__created", Levels.modified AS "Levels__modified", Levels.user_id AS "Levels__user_id" FROM levels Levels LIMIT 5 OFFSET 0
2018-11-13 19:10:02 Debug: duration=0 rows=1 SELECT (COUNT(*)) AS "count" FROM levels Levels
2018-11-13 19:10:08 Debug: duration=1 rows=1 SELECT Levels.id AS "Levels__id", Levels.number AS "Levels__number", Levels.created AS "Levels__created", Levels.modified AS "Levels__modified", Levels.user_id AS "Levels__user_id" FROM levels Levels WHERE Levels.id = 5 LIMIT 1
2018-11-13 19:10:12 Debug: duration=1 rows=1 SELECT Levels.id AS "Levels__id", Levels.number AS "Levels__number", Levels.created AS "Levels__created", Levels.modified AS "Levels__modified", Levels.user_id AS "Levels__user_id" FROM levels Levels WHERE Levels.id = 5 LIMIT 1
2018-11-13 19:10:12 Debug: duration=0 rows=0 BEGIN
2018-11-13 19:10:12 Debug: duration=1 rows=1 UPDATE levels SET number = 10 , modified = '11/13/18, 7:10 PM' WHERE id = 5
2018-11-13 19:10:12 Debug: duration=0 rows=0 COMMIT
2018-11-13 19:10:13 Debug: duration=1 rows=5 SELECT Levels.id AS "Levels__id", Levels.number AS "Levels__number", Levels.created AS "Levels__created", Levels.modified AS "Levels__modified", Levels.user_id AS "Levels__user_id" FROM levels Levels LIMIT 5 OFFSET 0
2018-11-13 19:10:13 Debug: duration=0 rows=1 SELECT (COUNT(*)) AS "count" FROM levels Levels
2018-11-13 19:10:37 Debug: duration=1 rows=1 SELECT Levels.id AS "Levels__id", Levels.number AS "Levels__number", Levels.created AS "Levels__created", Levels.modified AS "Levels__modified", Levels.user_id AS "Levels__user_id" FROM levels Levels WHERE Levels.id = 5 LIMIT 1
2018-11-13 19:10:37 Debug: duration=0 rows=0 BEGIN
2018-11-13 19:10:37 Debug: duration=1 rows=1 DELETE FROM levels WHERE id = 5
2018-11-13 19:10:37 Debug: duration=0 rows=0 COMMIT
2018-11-13 19:10:38 Debug: duration=1 rows=4 SELECT Levels.id AS "Levels__id", Levels.number AS "Levels__number", Levels.created AS "Levels__created", Levels.modified AS "Levels__modified", Levels.user_id AS "Levels__user_id" FROM levels Levels LIMIT 5 OFFSET 0
2018-11-13 19:10:38 Debug: duration=0 rows=1 SELECT (COUNT(*)) AS "count" FROM levels Levels
2018-11-13 19:10:41 Debug: duration=1 rows=1 SELECT Levels.id AS "Levels__id", Levels.number AS "Levels__number", Levels.created AS "Levels__created", Levels.modified AS "Levels__modified", Levels.user_id AS "Levels__user_id" FROM levels Levels WHERE Levels.id = 4 LIMIT 1
2018-11-13 19:10:41 Debug: duration=0 rows=0 BEGIN
2018-11-13 19:10:41 Debug: duration=23 rows=1 DELETE FROM levels WHERE id = 4
2018-11-13 19:10:41 Debug: duration=0 rows=0 COMMIT
2018-11-13 19:10:42 Debug: duration=1 rows=3 SELECT Levels.id AS "Levels__id", Levels.number AS "Levels__number", Levels.created AS "Levels__created", Levels.modified AS "Levels__modified", Levels.user_id AS "Levels__user_id" FROM levels Levels LIMIT 5 OFFSET 0
2018-11-13 19:10:42 Debug: duration=0 rows=1 SELECT (COUNT(*)) AS "count" FROM levels Levels
2018-11-13 19:11:54 Debug: duration=1 rows=1 SELECT Levels.id AS "Levels__id", Levels.number AS "Levels__number", Levels.created AS "Levels__created", Levels.modified AS "Levels__modified", Levels.user_id AS "Levels__user_id" FROM levels Levels WHERE Levels.id = 1 LIMIT 1
2018-11-13 19:11:57 Debug: duration=1 rows=1 SELECT Levels.id AS "Levels__id", Levels.number AS "Levels__number", Levels.created AS "Levels__created", Levels.modified AS "Levels__modified", Levels.user_id AS "Levels__user_id" FROM levels Levels WHERE Levels.id = 1 LIMIT 1
2018-11-13 19:11:57 Debug: duration=0 rows=0 BEGIN
2018-11-13 19:11:57 Debug: duration=1 rows=1 UPDATE levels SET number = 10 , modified = '11/13/18, 7:11 PM' WHERE id = 1
2018-11-13 19:11:57 Debug: duration=0 rows=0 COMMIT
2018-11-13 19:11:58 Debug: duration=1 rows=3 SELECT Levels.id AS "Levels__id", Levels.number AS "Levels__number", Levels.created AS "Levels__created", Levels.modified AS "Levels__modified", Levels.user_id AS "Levels__user_id" FROM levels Levels LIMIT 5 OFFSET 0
2018-11-13 19:11:58 Debug: duration=0 rows=1 SELECT (COUNT(*)) AS "count" FROM levels Levels
2018-11-13 19:12:47 Debug: duration=1 rows=1 SELECT Levels.id AS "Levels__id", Levels.number AS "Levels__number", Levels.created AS "Levels__created", Levels.modified AS "Levels__modified", Levels.user_id AS "Levels__user_id" FROM levels Levels WHERE Levels.id = 1 LIMIT 1
2018-11-13 19:12:50 Debug: duration=1 rows=1 SELECT Levels.id AS "Levels__id", Levels.number AS "Levels__number", Levels.created AS "Levels__created", Levels.modified AS "Levels__modified", Levels.user_id AS "Levels__user_id" FROM levels Levels WHERE Levels.id = 1 LIMIT 1
2018-11-13 19:12:50 Debug: duration=0 rows=0 BEGIN
2018-11-13 19:12:50 Debug: duration=5 rows=1 UPDATE levels SET number = 1 , modified = '11/13/18, 7:12 PM' WHERE id = 1
2018-11-13 19:12:50 Debug: duration=0 rows=0 COMMIT
2018-11-13 19:12:51 Debug: duration=1 rows=3 SELECT Levels.id AS "Levels__id", Levels.number AS "Levels__number", Levels.created AS "Levels__created", Levels.modified AS "Levels__modified", Levels.user_id AS "Levels__user_id" FROM levels Levels LIMIT 5 OFFSET 0
2018-11-13 19:12:51 Debug: duration=0 rows=1 SELECT (COUNT(*)) AS "count" FROM levels Levels
2018-11-13 19:12:56 Debug: duration=0 rows=0 BEGIN
2018-11-13 19:12:56 Debug: duration=1 rows=1 INSERT INTO levels (number, created, modified) VALUES (4, '11/13/18, 7:12 PM', '11/13/18, 7:12 PM')
2018-11-13 19:12:56 Debug: duration=0 rows=0 COMMIT
2018-11-13 19:12:57 Debug: duration=1 rows=4 SELECT Levels.id AS "Levels__id", Levels.number AS "Levels__number", Levels.created AS "Levels__created", Levels.modified AS "Levels__modified", Levels.user_id AS "Levels__user_id" FROM levels Levels LIMIT 5 OFFSET 0
2018-11-13 19:12:57 Debug: duration=0 rows=1 SELECT (COUNT(*)) AS "count" FROM levels Levels
2018-12-17 20:35:13 Debug: duration=22 rows=4 SELECT Levels.id AS "Levels__id", Levels.number AS "Levels__number", Levels.created AS "Levels__created", Levels.modified AS "Levels__modified", Levels.user_id AS "Levels__user_id" FROM levels Levels LIMIT 5 OFFSET 0
2018-12-17 20:35:13 Debug: duration=0 rows=1 SELECT (COUNT(*)) AS "count" FROM levels Levels
2018-12-18 00:37:17 Debug: duration=13 rows=9 PRAGMA table_info("users")
2018-12-18 00:37:17 Debug: duration=0 rows=0 PRAGMA index_list("users")
2018-12-18 00:37:17 Debug: duration=0 rows=0 PRAGMA foreign_key_list("users")
2018-12-18 00:40:30 Debug: duration=1 rows=9 PRAGMA table_info("users")
2018-12-18 00:40:30 Debug: duration=0 rows=0 PRAGMA index_list("users")
2018-12-18 00:40:30 Debug: duration=0 rows=0 PRAGMA foreign_key_list("users")
2018-12-18 00:43:53 Debug: duration=1 rows=9 PRAGMA table_info("users")
2018-12-18 00:43:53 Debug: duration=0 rows=0 PRAGMA index_list("users")
2018-12-18 00:43:53 Debug: duration=0 rows=0 PRAGMA foreign_key_list("users")
2018-12-18 00:46:31 Debug: duration=1 rows=9 PRAGMA table_info("users")
2018-12-18 00:46:31 Debug: duration=0 rows=0 PRAGMA index_list("users")
2018-12-18 00:46:31 Debug: duration=0 rows=0 PRAGMA foreign_key_list("users")
2018-12-18 00:48:33 Debug: duration=1 rows=9 PRAGMA table_info("users")
2018-12-18 00:48:33 Debug: duration=0 rows=0 PRAGMA index_list("users")
2018-12-18 00:48:33 Debug: duration=0 rows=0 PRAGMA foreign_key_list("users")
2018-12-18 00:51:24 Debug: duration=1 rows=9 PRAGMA table_info("users")
2018-12-18 00:51:24 Debug: duration=0 rows=0 PRAGMA index_list("users")
2018-12-18 00:51:24 Debug: duration=0 rows=0 PRAGMA foreign_key_list("users")
2018-12-18 00:51:53 Debug: duration=0 rows=0 BEGIN
2018-12-18 00:51:53 Debug: duration=0 rows=0 SELECT 1 AS "existing" FROM users Users WHERE Users.email = 'williamsarrazixvc@gmail.com' LIMIT 1
2018-12-18 00:51:53 Debug: duration=0 rows=0 SELECT 1 AS "existing" FROM users Users WHERE Users.username = 'williammmm' LIMIT 1
2018-12-18 00:51:53 Debug: duration=1 rows=1 INSERT INTO users (email, password, username, created, modified, type, uuid) VALUES ('williamsarrazixvc@gmail.com', '$2y$10$vSjqiIZmQa2eXFswq8xhwejDIW89ThvQJswCEehUTW2c4qCox/n/C', 'williammmm', '12/18/18, 12:51 AM', '12/18/18, 12:51 AM', 'admin', 'x')
2018-12-18 00:51:53 Debug: duration=0 rows=0 COMMIT
2018-12-18 00:57:42 Debug: duration=1 rows=9 PRAGMA table_info("users")
2018-12-18 00:57:42 Debug: duration=0 rows=0 PRAGMA index_list("users")
2018-12-18 00:57:42 Debug: duration=0 rows=0 PRAGMA foreign_key_list("users")
2018-12-18 00:57:42 Debug: duration=0 rows=1 SELECT Users.id AS "Users__id", Users.email AS "Users__email", Users.password AS "Users__password", Users.username AS "Users__username", Users.created AS "Users__created", Users.modified AS "Users__modified", Users.type AS "Users__type", Users.uuid AS "Users__uuid", Users.active AS "Users__active" FROM users Users WHERE (Users.username = 'williammmm' AND Users.active = 1) LIMIT 1
2018-12-18 00:58:24 Debug: duration=1 rows=0 SELECT Users.id AS "Users__id", Users.email AS "Users__email", Users.password AS "Users__password", Users.username AS "Users__username", Users.created AS "Users__created", Users.modified AS "Users__modified", Users.type AS "Users__type", Users.uuid AS "Users__uuid", Users.active AS "Users__active" FROM users Users WHERE (Users.username = 'admin' AND Users.active = 1) LIMIT 1
2018-12-18 00:58:33 Debug: duration=1 rows=1 SELECT Users.id AS "Users__id", Users.email AS "Users__email", Users.password AS "Users__password", Users.username AS "Users__username", Users.created AS "Users__created", Users.modified AS "Users__modified", Users.type AS "Users__type", Users.uuid AS "Users__uuid", Users.active AS "Users__active" FROM users Users WHERE (Users.username = 'Admin' AND Users.active = 1) LIMIT 1
2018-12-18 04:18:06 Debug: duration=1 rows=4 SELECT Levels.id AS "Levels__id", Levels.number AS "Levels__number", Levels.created AS "Levels__created", Levels.modified AS "Levels__modified", Levels.user_id AS "Levels__user_id" FROM levels Levels LIMIT 5 OFFSET 0
2018-12-18 04:18:06 Debug: duration=0 rows=1 SELECT (COUNT(*)) AS "count" FROM levels Levels
2018-12-18 04:18:21 Debug: duration=1 rows=4 SELECT Levels.id AS "Levels__id", Levels.number AS "Levels__number", Levels.created AS "Levels__created", Levels.modified AS "Levels__modified", Levels.user_id AS "Levels__user_id" FROM levels Levels LIMIT 5 OFFSET 0
2018-12-18 04:18:21 Debug: duration=0 rows=1 SELECT (COUNT(*)) AS "count" FROM levels Levels
2018-12-18 04:20:49 Debug: duration=1 rows=4 SELECT Levels.id AS "Levels__id", Levels.number AS "Levels__number", Levels.created AS "Levels__created", Levels.modified AS "Levels__modified", Levels.user_id AS "Levels__user_id" FROM levels Levels LIMIT 5 OFFSET 0
2018-12-18 04:20:49 Debug: duration=0 rows=1 SELECT (COUNT(*)) AS "count" FROM levels Levels
2018-12-18 04:20:59 Debug: duration=1 rows=4 SELECT Levels.id AS "Levels__id", Levels.number AS "Levels__number", Levels.created AS "Levels__created", Levels.modified AS "Levels__modified", Levels.user_id AS "Levels__user_id" FROM levels Levels LIMIT 5 OFFSET 0
2018-12-18 04:20:59 Debug: duration=0 rows=1 SELECT (COUNT(*)) AS "count" FROM levels Levels
2018-12-18 04:21:15 Debug: duration=1 rows=9 PRAGMA table_info("users")
2018-12-18 04:21:15 Debug: duration=0 rows=0 PRAGMA index_list("users")
2018-12-18 04:21:15 Debug: duration=0 rows=0 PRAGMA foreign_key_list("users")
2018-12-18 04:21:15 Debug: duration=0 rows=1 SELECT Users.id AS "Users__id", Users.email AS "Users__email", Users.password AS "Users__password", Users.username AS "Users__username", Users.created AS "Users__created", Users.modified AS "Users__modified", Users.type AS "Users__type", Users.uuid AS "Users__uuid", Users.active AS "Users__active" FROM users Users WHERE (Users.username = 'Admin' AND Users.active = 1) LIMIT 1
2018-12-18 04:21:16 Debug: duration=1 rows=1 SELECT Users.id AS "Users__id", Users.email AS "Users__email", Users.password AS "Users__password", Users.username AS "Users__username", Users.created AS "Users__created", Users.modified AS "Users__modified", Users.type AS "Users__type", Users.uuid AS "Users__uuid", Users.active AS "Users__active" FROM users Users WHERE (Users.username = 'Admin' AND Users.active = 1) LIMIT 1
2018-12-18 04:21:16 Debug: duration=1 rows=1 SELECT Users.id AS "Users__id", Users.email AS "Users__email", Users.password AS "Users__password", Users.username AS "Users__username", Users.created AS "Users__created", Users.modified AS "Users__modified", Users.type AS "Users__type", Users.uuid AS "Users__uuid", Users.active AS "Users__active" FROM users Users WHERE (Users.username = 'Admin' AND Users.active = 1) LIMIT 1
2018-12-18 04:21:30 Debug: duration=1 rows=1 SELECT Levels.id AS "Levels__id", Levels.number AS "Levels__number", Levels.created AS "Levels__created", Levels.modified AS "Levels__modified", Levels.user_id AS "Levels__user_id" FROM levels Levels WHERE Levels.id = 1 LIMIT 1
2018-12-18 04:21:31 Debug: duration=1 rows=1 SELECT Levels.id AS "Levels__id", Levels.number AS "Levels__number", Levels.created AS "Levels__created", Levels.modified AS "Levels__modified", Levels.user_id AS "Levels__user_id" FROM levels Levels WHERE Levels.id = 2 LIMIT 1
2018-12-18 04:21:38 Debug: duration=1 rows=1 SELECT Levels.id AS "Levels__id", Levels.number AS "Levels__number", Levels.created AS "Levels__created", Levels.modified AS "Levels__modified", Levels.user_id AS "Levels__user_id" FROM levels Levels WHERE Levels.id = 4 LIMIT 1
2018-12-18 14:55:39 Debug: duration=4 rows=4 SELECT Levels.id AS "Levels__id", Levels.number AS "Levels__number", Levels.created AS "Levels__created", Levels.modified AS "Levels__modified", Levels.user_id AS "Levels__user_id" FROM levels Levels LIMIT 5 OFFSET 0
2018-12-18 14:55:39 Debug: duration=0 rows=1 SELECT (COUNT(*)) AS "count" FROM levels Levels
2018-12-18 14:55:56 Debug: duration=3 rows=1 SELECT Levels.id AS "Levels__id", Levels.number AS "Levels__number", Levels.created AS "Levels__created", Levels.modified AS "Levels__modified", Levels.user_id AS "Levels__user_id" FROM levels Levels WHERE Levels.id = 1 LIMIT 1
2018-12-18 14:55:57 Debug: duration=4 rows=1 SELECT Levels.id AS "Levels__id", Levels.number AS "Levels__number", Levels.created AS "Levels__created", Levels.modified AS "Levels__modified", Levels.user_id AS "Levels__user_id" FROM levels Levels WHERE Levels.id = 1 LIMIT 1
2018-12-18 14:58:05 Debug: duration=4 rows=4 SELECT Levels.id AS "Levels__id", Levels.number AS "Levels__number", Levels.created AS "Levels__created", Levels.modified AS "Levels__modified", Levels.user_id AS "Levels__user_id" FROM levels Levels LIMIT 5 OFFSET 0
2018-12-18 14:58:05 Debug: duration=0 rows=1 SELECT (COUNT(*)) AS "count" FROM levels Levels
2018-12-18 14:58:48 Debug: duration=4 rows=4 SELECT Levels.id AS "Levels__id", Levels.number AS "Levels__number", Levels.created AS "Levels__created", Levels.modified AS "Levels__modified", Levels.user_id AS "Levels__user_id" FROM levels Levels LIMIT 5 OFFSET 0
2018-12-18 14:58:48 Debug: duration=0 rows=1 SELECT (COUNT(*)) AS "count" FROM levels Levels
2018-12-18 15:00:26 Debug: duration=1 rows=4 SELECT Levels.id AS "Levels__id", Levels.number AS "Levels__number", Levels.created AS "Levels__created", Levels.modified AS "Levels__modified", Levels.user_id AS "Levels__user_id" FROM levels Levels LIMIT 5 OFFSET 0
2018-12-18 15:00:26 Debug: duration=0 rows=1 SELECT (COUNT(*)) AS "count" FROM levels Levels
2018-12-18 15:08:57 Debug: duration=1 rows=4 SELECT Levels.id AS "Levels__id", Levels.number AS "Levels__number", Levels.created AS "Levels__created", Levels.modified AS "Levels__modified", Levels.user_id AS "Levels__user_id" FROM levels Levels LIMIT 5 OFFSET 0
2018-12-18 15:08:57 Debug: duration=0 rows=1 SELECT (COUNT(*)) AS "count" FROM levels Levels
2018-12-18 15:09:03 Debug: duration=1 rows=4 SELECT Levels.id AS "Levels__id", Levels.number AS "Levels__number", Levels.created AS "Levels__created", Levels.modified AS "Levels__modified", Levels.user_id AS "Levels__user_id" FROM levels Levels LIMIT 5 OFFSET 0
2018-12-18 15:09:03 Debug: duration=0 rows=1 SELECT (COUNT(*)) AS "count" FROM levels Levels
2018-12-18 15:09:18 Debug: duration=2 rows=9 PRAGMA table_info("users")
2018-12-18 15:09:18 Debug: duration=0 rows=0 PRAGMA index_list("users")
2018-12-18 15:09:18 Debug: duration=0 rows=0 PRAGMA foreign_key_list("users")
2018-12-18 15:09:18 Debug: duration=0 rows=1 SELECT Users.id AS "Users__id", Users.email AS "Users__email", Users.password AS "Users__password", Users.username AS "Users__username", Users.created AS "Users__created", Users.modified AS "Users__modified", Users.type AS "Users__type", Users.uuid AS "Users__uuid", Users.active AS "Users__active" FROM users Users WHERE (Users.username = 'Admin' AND Users.active = 1) LIMIT 1
2018-12-18 15:09:25 Debug: duration=1 rows=1 SELECT Levels.id AS "Levels__id", Levels.number AS "Levels__number", Levels.created AS "Levels__created", Levels.modified AS "Levels__modified", Levels.user_id AS "Levels__user_id" FROM levels Levels WHERE Levels.id = 4 LIMIT 1
2018-12-18 15:09:28 Debug: duration=1 rows=1 SELECT Levels.id AS "Levels__id", Levels.number AS "Levels__number", Levels.created AS "Levels__created", Levels.modified AS "Levels__modified", Levels.user_id AS "Levels__user_id" FROM levels Levels WHERE Levels.id = 4 LIMIT 1
2018-12-18 15:09:28 Debug: duration=1 rows=4 SELECT Levels.id AS "Levels__id", Levels.number AS "Levels__number", Levels.created AS "Levels__created", Levels.modified AS "Levels__modified", Levels.user_id AS "Levels__user_id" FROM levels Levels LIMIT 5 OFFSET 0
2018-12-18 15:09:28 Debug: duration=0 rows=1 SELECT (COUNT(*)) AS "count" FROM levels Levels
2018-12-18 15:09:37 Debug: duration=0 rows=0 BEGIN
2018-12-18 15:09:37 Debug: duration=12 rows=1 INSERT INTO levels (number, created, modified) VALUES (5, '12/18/18, 3:09 PM', '12/18/18, 3:09 PM')
2018-12-18 15:09:37 Debug: duration=0 rows=0 COMMIT
2018-12-18 15:09:38 Debug: duration=1 rows=5 SELECT Levels.id AS "Levels__id", Levels.number AS "Levels__number", Levels.created AS "Levels__created", Levels.modified AS "Levels__modified", Levels.user_id AS "Levels__user_id" FROM levels Levels LIMIT 5 OFFSET 0
2018-12-18 15:09:38 Debug: duration=0 rows=1 SELECT (COUNT(*)) AS "count" FROM levels Levels
2018-12-18 15:09:40 Debug: duration=1 rows=5 SELECT Levels.id AS "Levels__id", Levels.number AS "Levels__number", Levels.created AS "Levels__created", Levels.modified AS "Levels__modified", Levels.user_id AS "Levels__user_id" FROM levels Levels LIMIT 5 OFFSET 0
2018-12-18 15:09:40 Debug: duration=0 rows=1 SELECT (COUNT(*)) AS "count" FROM levels Levels
2018-12-18 15:10:15 Debug: duration=2 rows=5 SELECT Levels.id AS "Levels__id", Levels.number AS "Levels__number", Levels.created AS "Levels__created", Levels.modified AS "Levels__modified", Levels.user_id AS "Levels__user_id" FROM levels Levels LIMIT 5 OFFSET 0
2018-12-18 15:10:15 Debug: duration=0 rows=1 SELECT (COUNT(*)) AS "count" FROM levels Levels
2018-12-18 15:16:18 Debug: duration=1 rows=5 PRAGMA table_info("levels")
2018-12-18 15:16:18 Debug: duration=0 rows=0 PRAGMA index_list("levels")
2018-12-18 15:16:18 Debug: duration=0 rows=0 PRAGMA foreign_key_list("levels")
2018-12-18 15:16:18 Debug: duration=0 rows=1 SELECT Levels.id AS "Levels__id", Levels.number AS "Levels__number", Levels.created AS "Levels__created", Levels.modified AS "Levels__modified", Levels.user_id AS "Levels__user_id" FROM levels Levels WHERE Levels.id = 3 LIMIT 1
2018-12-18 15:16:44 Debug: duration=2 rows=9 PRAGMA table_info("users")
2018-12-18 15:16:44 Debug: duration=0 rows=0 PRAGMA index_list("users")
2018-12-18 15:16:44 Debug: duration=0 rows=0 PRAGMA foreign_key_list("users")
2018-12-18 15:16:44 Debug: duration=0 rows=1 SELECT Users.id AS "Users__id", Users.email AS "Users__email", Users.password AS "Users__password", Users.username AS "Users__username", Users.created AS "Users__created", Users.modified AS "Users__modified", Users.type AS "Users__type", Users.uuid AS "Users__uuid", Users.active AS "Users__active" FROM users Users WHERE (Users.username = 'Admin' AND Users.active = 1) LIMIT 1
2018-12-18 15:16:48 Debug: duration=1 rows=1 SELECT Levels.id AS "Levels__id", Levels.number AS "Levels__number", Levels.created AS "Levels__created", Levels.modified AS "Levels__modified", Levels.user_id AS "Levels__user_id" FROM levels Levels WHERE Levels.id = 3 LIMIT 1
2018-12-18 15:16:48 Debug: duration=1 rows=5 SELECT Levels.id AS "Levels__id", Levels.number AS "Levels__number", Levels.created AS "Levels__created", Levels.modified AS "Levels__modified", Levels.user_id AS "Levels__user_id" FROM levels Levels LIMIT 5 OFFSET 0
2018-12-18 15:16:48 Debug: duration=0 rows=1 SELECT (COUNT(*)) AS "count" FROM levels Levels
2018-12-18 15:16:50 Debug: duration=1 rows=5 SELECT Levels.id AS "Levels__id", Levels.number AS "Levels__number", Levels.created AS "Levels__created", Levels.modified AS "Levels__modified", Levels.user_id AS "Levels__user_id" FROM levels Levels LIMIT 5 OFFSET 0
2018-12-18 15:16:50 Debug: duration=0 rows=1 SELECT (COUNT(*)) AS "count" FROM levels Levels
2018-12-18 15:26:19 Debug: duration=1 rows=5 SELECT Levels.id AS "Levels__id", Levels.number AS "Levels__number", Levels.created AS "Levels__created", Levels.modified AS "Levels__modified", Levels.user_id AS "Levels__user_id" FROM levels Levels LIMIT 5 OFFSET 0
2018-12-18 15:26:19 Debug: duration=0 rows=1 SELECT (COUNT(*)) AS "count" FROM levels Levels
2018-12-18 15:26:34 Debug: duration=1 rows=1 SELECT Users.id AS "Users__id", Users.email AS "Users__email", Users.password AS "Users__password", Users.username AS "Users__username", Users.created AS "Users__created", Users.modified AS "Users__modified", Users.type AS "Users__type", Users.uuid AS "Users__uuid", Users.active AS "Users__active" FROM users Users WHERE (Users.username = 'Admin' AND Users.active = 1) LIMIT 1
2018-12-18 15:26:38 Debug: duration=0 rows=0 BEGIN
2018-12-18 15:26:38 Debug: duration=1 rows=1 INSERT INTO levels (number, created, modified) VALUES (6, '12/18/18, 3:26 PM', '12/18/18, 3:26 PM')
2018-12-18 15:26:38 Debug: duration=0 rows=0 COMMIT
2018-12-18 15:26:38 Debug: duration=1 rows=5 SELECT Levels.id AS "Levels__id", Levels.number AS "Levels__number", Levels.created AS "Levels__created", Levels.modified AS "Levels__modified", Levels.user_id AS "Levels__user_id" FROM levels Levels LIMIT 5 OFFSET 0
2018-12-18 15:26:38 Debug: duration=0 rows=1 SELECT (COUNT(*)) AS "count" FROM levels Levels
2018-12-18 15:26:41 Debug: duration=1 rows=5 SELECT Levels.id AS "Levels__id", Levels.number AS "Levels__number", Levels.created AS "Levels__created", Levels.modified AS "Levels__modified", Levels.user_id AS "Levels__user_id" FROM levels Levels LIMIT 5 OFFSET 0
2018-12-18 15:26:41 Debug: duration=0 rows=1 SELECT (COUNT(*)) AS "count" FROM levels Levels
2018-12-18 15:26:53 Debug: duration=1 rows=1 SELECT Users.id AS "Users__id", Users.email AS "Users__email", Users.password AS "Users__password", Users.username AS "Users__username", Users.created AS "Users__created", Users.modified AS "Users__modified", Users.type AS "Users__type", Users.uuid AS "Users__uuid", Users.active AS "Users__active" FROM users Users WHERE (Users.username = 'Admin' AND Users.active = 1) LIMIT 1
2018-12-18 15:27:05 Debug: duration=1 rows=1 SELECT Users.id AS "Users__id", Users.email AS "Users__email", Users.password AS "Users__password", Users.username AS "Users__username", Users.created AS "Users__created", Users.modified AS "Users__modified", Users.type AS "Users__type", Users.uuid AS "Users__uuid", Users.active AS "Users__active" FROM users Users WHERE Users.id = 2 LIMIT 1
2018-12-18 15:27:05 Debug: duration=0 rows=0 BEGIN
2018-12-18 15:27:05 Debug: duration=1 rows=1 UPDATE users SET password = '$2y$10$DrXBMXKl8eGk0cjVN6n1VukJfHurmvt6fjCwNL5md3gt386QkWWom' , modified = '12/18/18, 3:27 PM' WHERE id = 2
2018-12-18 15:27:05 Debug: duration=0 rows=0 COMMIT
2018-12-18 15:27:13 Debug: duration=1 rows=1 SELECT Users.id AS "Users__id", Users.email AS "Users__email", Users.password AS "Users__password", Users.username AS "Users__username", Users.created AS "Users__created", Users.modified AS "Users__modified", Users.type AS "Users__type", Users.uuid AS "Users__uuid", Users.active AS "Users__active" FROM users Users WHERE (Users.username = 'Admin' AND Users.active = 1) LIMIT 1
2018-12-18 15:27:20 Debug: duration=1 rows=1 SELECT Users.id AS "Users__id", Users.email AS "Users__email", Users.password AS "Users__password", Users.username AS "Users__username", Users.created AS "Users__created", Users.modified AS "Users__modified", Users.type AS "Users__type", Users.uuid AS "Users__uuid", Users.active AS "Users__active" FROM users Users WHERE (Users.username = 'Admin' AND Users.active = 1) LIMIT 1
2018-12-18 15:27:38 Debug: duration=1 rows=5 SELECT Levels.id AS "Levels__id", Levels.number AS "Levels__number", Levels.created AS "Levels__created", Levels.modified AS "Levels__modified", Levels.user_id AS "Levels__user_id" FROM levels Levels LIMIT 5 OFFSET 0
2018-12-18 15:27:38 Debug: duration=0 rows=1 SELECT (COUNT(*)) AS "count" FROM levels Levels
2018-12-18 15:28:08 Debug: duration=1 rows=5 SELECT Levels.id AS "Levels__id", Levels.number AS "Levels__number", Levels.created AS "Levels__created", Levels.modified AS "Levels__modified", Levels.user_id AS "Levels__user_id" FROM levels Levels LIMIT 5 OFFSET 0
2018-12-18 15:28:08 Debug: duration=0 rows=1 SELECT (COUNT(*)) AS "count" FROM levels Levels
2018-12-18 15:28:18 Debug: duration=3 rows=1 SELECT Users.id AS "Users__id", Users.email AS "Users__email", Users.password AS "Users__password", Users.username AS "Users__username", Users.created AS "Users__created", Users.modified AS "Users__modified", Users.type AS "Users__type", Users.uuid AS "Users__uuid", Users.active AS "Users__active" FROM users Users WHERE (Users.username = 'Admin' AND Users.active = 1) LIMIT 1
2018-12-18 15:28:29 Debug: duration=1 rows=1 SELECT Users.id AS "Users__id", Users.email AS "Users__email", Users.password AS "Users__password", Users.username AS "Users__username", Users.created AS "Users__created", Users.modified AS "Users__modified", Users.type AS "Users__type", Users.uuid AS "Users__uuid", Users.active AS "Users__active" FROM users Users WHERE Users.id = 2 LIMIT 1
2018-12-18 15:28:29 Debug: duration=0 rows=0 BEGIN
2018-12-18 15:28:29 Debug: duration=1 rows=1 UPDATE users SET password = '$2y$10$BRil3U2w6GMq7l/35xJ.NeLP.mhJ7e8Ms3wUyHqBiT4LN0ZdF/4HC' , modified = '12/18/18, 3:28 PM' WHERE id = 2
2018-12-18 15:28:29 Debug: duration=0 rows=0 COMMIT
2018-12-18 15:31:26 Debug: duration=2 rows=5 SELECT Levels.id AS "Levels__id", Levels.number AS "Levels__number", Levels.created AS "Levels__created", Levels.modified AS "Levels__modified", Levels.user_id AS "Levels__user_id" FROM levels Levels LIMIT 5 OFFSET 0
2018-12-18 15:31:26 Debug: duration=0 rows=1 SELECT (COUNT(*)) AS "count" FROM levels Levels
2018-12-18 15:31:31 Debug: duration=2 rows=5 SELECT Levels.id AS "Levels__id", Levels.number AS "Levels__number", Levels.created AS "Levels__created", Levels.modified AS "Levels__modified", Levels.user_id AS "Levels__user_id" FROM levels Levels LIMIT 5 OFFSET 0
2018-12-18 15:31:31 Debug: duration=0 rows=1 SELECT (COUNT(*)) AS "count" FROM levels Levels
2018-12-18 15:31:44 Debug: duration=1 rows=5 SELECT Levels.id AS "Levels__id", Levels.number AS "Levels__number", Levels.created AS "Levels__created", Levels.modified AS "Levels__modified", Levels.user_id AS "Levels__user_id" FROM levels Levels LIMIT 5 OFFSET 0
2018-12-18 15:31:44 Debug: duration=0 rows=1 SELECT (COUNT(*)) AS "count" FROM levels Levels
2018-12-18 15:33:21 Debug: duration=1 rows=5 SELECT Levels.id AS "Levels__id", Levels.number AS "Levels__number", Levels.created AS "Levels__created", Levels.modified AS "Levels__modified", Levels.user_id AS "Levels__user_id" FROM levels Levels LIMIT 5 OFFSET 0
2018-12-18 15:33:21 Debug: duration=0 rows=1 SELECT (COUNT(*)) AS "count" FROM levels Levels
2018-12-18 15:33:29 Debug: duration=1 rows=9 PRAGMA table_info("users")
2018-12-18 15:33:29 Debug: duration=0 rows=0 PRAGMA index_list("users")
2018-12-18 15:33:29 Debug: duration=0 rows=0 PRAGMA foreign_key_list("users")
2018-12-18 15:33:29 Debug: duration=0 rows=1 SELECT Users.id AS "Users__id", Users.email AS "Users__email", Users.password AS "Users__password", Users.username AS "Users__username", Users.created AS "Users__created", Users.modified AS "Users__modified", Users.type AS "Users__type", Users.uuid AS "Users__uuid", Users.active AS "Users__active" FROM users Users WHERE (Users.username = 'Admin' AND Users.active = 1) LIMIT 1
2018-12-18 15:33:34 Debug: duration=2 rows=1 SELECT Levels.id AS "Levels__id", Levels.number AS "Levels__number", Levels.created AS "Levels__created", Levels.modified AS "Levels__modified", Levels.user_id AS "Levels__user_id" FROM levels Levels WHERE Levels.id = 3 LIMIT 1
2018-12-18 15:34:16 Debug: duration=1 rows=5 SELECT Levels.id AS "Levels__id", Levels.number AS "Levels__number", Levels.created AS "Levels__created", Levels.modified AS "Levels__modified", Levels.user_id AS "Levels__user_id" FROM levels Levels LIMIT 5 OFFSET 0
2018-12-18 15:34:16 Debug: duration=0 rows=1 SELECT (COUNT(*)) AS "count" FROM levels Levels
2018-12-18 15:34:25 Debug: duration=1 rows=1 SELECT Users.id AS "Users__id", Users.email AS "Users__email", Users.password AS "Users__password", Users.username AS "Users__username", Users.created AS "Users__created", Users.modified AS "Users__modified", Users.type AS "Users__type", Users.uuid AS "Users__uuid", Users.active AS "Users__active" FROM users Users WHERE (Users.username = 'Admin' AND Users.active = 1) LIMIT 1
2018-12-18 15:34:31 Debug: duration=1 rows=1 SELECT Levels.id AS "Levels__id", Levels.number AS "Levels__number", Levels.created AS "Levels__created", Levels.modified AS "Levels__modified", Levels.user_id AS "Levels__user_id" FROM levels Levels WHERE Levels.id = 4 LIMIT 1
2018-12-18 15:34:36 Debug: duration=1 rows=1 SELECT Levels.id AS "Levels__id", Levels.number AS "Levels__number", Levels.created AS "Levels__created", Levels.modified AS "Levels__modified", Levels.user_id AS "Levels__user_id" FROM levels Levels WHERE Levels.id = 4 LIMIT 1
2018-12-18 15:34:36 Debug: duration=1 rows=5 SELECT Levels.id AS "Levels__id", Levels.number AS "Levels__number", Levels.created AS "Levels__created", Levels.modified AS "Levels__modified", Levels.user_id AS "Levels__user_id" FROM levels Levels LIMIT 5 OFFSET 0
2018-12-18 15:34:36 Debug: duration=0 rows=1 SELECT (COUNT(*)) AS "count" FROM levels Levels
2018-12-18 15:34:38 Debug: duration=1 rows=5 SELECT Levels.id AS "Levels__id", Levels.number AS "Levels__number", Levels.created AS "Levels__created", Levels.modified AS "Levels__modified", Levels.user_id AS "Levels__user_id" FROM levels Levels LIMIT 5 OFFSET 0
2018-12-18 15:34:38 Debug: duration=0 rows=1 SELECT (COUNT(*)) AS "count" FROM levels Levels
2018-12-18 15:34:52 Debug: duration=1 rows=5 SELECT Levels.id AS "Levels__id", Levels.number AS "Levels__number", Levels.created AS "Levels__created", Levels.modified AS "Levels__modified", Levels.user_id AS "Levels__user_id" FROM levels Levels LIMIT 5 OFFSET 0
2018-12-18 15:34:52 Debug: duration=0 rows=1 SELECT (COUNT(*)) AS "count" FROM levels Levels
2018-12-18 15:35:01 Debug: duration=1 rows=1 SELECT Users.id AS "Users__id", Users.email AS "Users__email", Users.password AS "Users__password", Users.username AS "Users__username", Users.created AS "Users__created", Users.modified AS "Users__modified", Users.type AS "Users__type", Users.uuid AS "Users__uuid", Users.active AS "Users__active" FROM users Users WHERE (Users.username = 'Admin' AND Users.active = 1) LIMIT 1
2018-12-18 15:35:05 Debug: duration=1 rows=1 SELECT Levels.id AS "Levels__id", Levels.number AS "Levels__number", Levels.created AS "Levels__created", Levels.modified AS "Levels__modified", Levels.user_id AS "Levels__user_id" FROM levels Levels WHERE Levels.id = 4 LIMIT 1
2018-12-18 15:35:08 Debug: duration=1 rows=1 SELECT Levels.id AS "Levels__id", Levels.number AS "Levels__number", Levels.created AS "Levels__created", Levels.modified AS "Levels__modified", Levels.user_id AS "Levels__user_id" FROM levels Levels WHERE Levels.id = 4 LIMIT 1
2018-12-18 15:35:08 Debug: duration=1 rows=5 SELECT Levels.id AS "Levels__id", Levels.number AS "Levels__number", Levels.created AS "Levels__created", Levels.modified AS "Levels__modified", Levels.user_id AS "Levels__user_id" FROM levels Levels LIMIT 5 OFFSET 0
2018-12-18 15:35:08 Debug: duration=0 rows=1 SELECT (COUNT(*)) AS "count" FROM levels Levels
2018-12-18 15:35:11 Debug: duration=1 rows=5 SELECT Levels.id AS "Levels__id", Levels.number AS "Levels__number", Levels.created AS "Levels__created", Levels.modified AS "Levels__modified", Levels.user_id AS "Levels__user_id" FROM levels Levels LIMIT 5 OFFSET 0
2018-12-18 15:35:11 Debug: duration=0 rows=1 SELECT (COUNT(*)) AS "count" FROM levels Levels
